<TestRun id="00000000-0000-00ae-A281-FE9CF17251B6" runUser="User\Account" name="JavaScript Tests" xmlns="http://microsoft.com/schemas/VisualStudio/TeamTest/2010" xmlns:lxslt="http://xml.apache.org/xslt" xmlns:stringutils="xalan://org.apache.tools.ant.util.StringUtils">
  <Times creation="2008-01-01T00:00:00.0000000+0:00" queuing="2008-01-01T00:00:00.0000000+0:00" start="2008-01-01T00:00:00.0000000+0:00" finish="2008-01-01T00:00:00.0000000+0:00" />
  <TestSettings name="default" id="a7b8b624-fd79-4146-8162-e5186b5e6d56">
    <Deployment runDeploymentRoot="Krish_DESKTOP-5EV6481_2022-05-31_20_30_00" />
  </TestSettings>
  <TestRunConfiguration name="JUnit Test Run" id="3A1F7DF7-266A-41d6-8995-A19DDA49FAED">
    <Description>This is an imported JUnit test run.</Description>
    <CodeCoverage enabled="false" />
    <Deployment useDefaultDeploymentRoot="false" runDeploymentRoot="C:\" />
  </TestRunConfiguration>
  <ResultSummary outcome="Failed">
    <Counters timeout="0" aborted="0" inconclusive="0" passedButRunAborted="0" notRunnable="0" notExecuted="0" disconnected="0" warning="0" completed="0" inProgress="0" pending="0" />
  </ResultSummary>
  <Build flavor="Release" platform="AnyCPU" />
  <TestDefinitions>
    <UnitTest name="tests.00_empty_test.test_empty" id="00000000-0000-00ae-A281-0000000DD001">
      <Css projectStructure="" iteration="" />
      <Owners>
        <Owner name="" />
      </Owners>
      <Execution id="00000000-0000-00ae-A281-0000000EE001" />
      <TestMethod name="tests.00_empty_test.test_empty" codeBase="" className="tests.00_empty_test" />
    </UnitTest>
    <UnitTest name="tests.01_basic_test.test_example" id="00000000-0000-00ae-A281-0000000DD002">
      <Css projectStructure="" iteration="" />
      <Owners>
        <Owner name="" />
      </Owners>
      <Execution id="00000000-0000-00ae-A281-0000000EE002" />
      <TestMethod name="tests.01_basic_test.test_example" codeBase="" className="tests.01_basic_test" />
    </UnitTest>
    <UnitTest name="tests.02_special_assertions_test.test_div_zero_exception" id="00000000-0000-00ae-A281-0000000DD003">
      <Css projectStructure="" iteration="" />
      <Owners>
        <Owner name="" />
      </Owners>
      <Execution id="00000000-0000-00ae-A281-0000000EE003" />
      <TestMethod name="tests.02_special_assertions_test.test_div_zero_exception" codeBase="" className="tests.02_special_assertions_test" />
    </UnitTest>
    <UnitTest name="tests.02_special_assertions_test.test_keyerror_details" id="00000000-0000-00ae-A281-0000000DD004">
      <Css projectStructure="" iteration="" />
      <Owners>
        <Owner name="" />
      </Owners>
      <Execution id="00000000-0000-00ae-A281-0000000EE004" />
      <TestMethod name="tests.02_special_assertions_test.test_keyerror_details" codeBase="" className="tests.02_special_assertions_test" />
    </UnitTest>
    <UnitTest name="tests.02_special_assertions_test.test_approximate_matches" id="00000000-0000-00ae-A281-0000000DD005">
      <Css projectStructure="" iteration="" />
      <Owners>
        <Owner name="" />
      </Owners>
      <Execution id="00000000-0000-00ae-A281-0000000EE005" />
      <TestMethod name="tests.02_special_assertions_test.test_approximate_matches" codeBase="" className="tests.02_special_assertions_test" />
    </UnitTest>
    <UnitTest name="tests.03_simple_fixture_test.test_with_local_fixture" id="00000000-0000-00ae-A281-0000000DD006">
      <Css projectStructure="" iteration="" />
      <Owners>
        <Owner name="" />
      </Owners>
      <Execution id="00000000-0000-00ae-A281-0000000EE006" />
      <TestMethod name="tests.03_simple_fixture_test.test_with_local_fixture" codeBase="" className="tests.03_simple_fixture_test" />
    </UnitTest>
    <UnitTest name="tests.03_simple_fixture_test.test_with_global_fixture" id="00000000-0000-00ae-A281-0000000DD007">
      <Css projectStructure="" iteration="" />
      <Owners>
        <Owner name="" />
      </Owners>
      <Execution id="00000000-0000-00ae-A281-0000000EE007" />
      <TestMethod name="tests.03_simple_fixture_test.test_with_global_fixture" codeBase="" className="tests.03_simple_fixture_test" />
    </UnitTest>
    <UnitTest name="tests.04_fixture_returns_test.test_with_data_fixture" id="00000000-0000-00ae-A281-0000000DD008">
      <Css projectStructure="" iteration="" />
      <Owners>
        <Owner name="" />
      </Owners>
      <Execution id="00000000-0000-00ae-A281-0000000EE008" />
      <TestMethod name="tests.04_fixture_returns_test.test_with_data_fixture" codeBase="" className="tests.04_fixture_returns_test" />
    </UnitTest>
    <UnitTest name="tests.05_yield_fixture_test.test_with_yield_fixture" id="00000000-0000-00ae-A281-0000000DD009">
      <Css projectStructure="" iteration="" />
      <Owners>
        <Owner name="" />
      </Owners>
      <Execution id="00000000-0000-00ae-A281-0000000EE009" />
      <TestMethod name="tests.05_yield_fixture_test.test_with_yield_fixture" codeBase="" className="tests.05_yield_fixture_test" />
    </UnitTest>
    <UnitTest name="tests.06_request_test.test_with_introspection" id="00000000-0000-00ae-A281-0000000DD00A">
      <Css projectStructure="" iteration="" />
      <Owners>
        <Owner name="" />
      </Owners>
      <Execution id="00000000-0000-00ae-A281-0000000EE00A" />
      <TestMethod name="tests.06_request_test.test_with_introspection" codeBase="" className="tests.06_request_test" />
    </UnitTest>
    <UnitTest name="tests.07_request_finalizer_test.test_with_safe_cleanup_fixture" id="00000000-0000-00ae-A281-0000000DD00B">
      <Css projectStructure="" iteration="" />
      <Owners>
        <Owner name="" />
      </Owners>
      <Execution id="00000000-0000-00ae-A281-0000000EE00B" />
      <TestMethod name="tests.07_request_finalizer_test.test_with_safe_cleanup_fixture" codeBase="" className="tests.07_request_finalizer_test" />
    </UnitTest>
    <UnitTest name="tests.08_params_test.test_parameterization[a]" id="00000000-0000-00ae-A281-0000000DD00C">
      <Css projectStructure="" iteration="" />
      <Owners>
        <Owner name="" />
      </Owners>
      <Execution id="00000000-0000-00ae-A281-0000000EE00C" />
      <TestMethod name="tests.08_params_test.test_parameterization[a]" codeBase="" className="tests.08_params_test" />
    </UnitTest>
    <UnitTest name="tests.08_params_test.test_parameterization[b]" id="00000000-0000-00ae-A281-0000000DD00D">
      <Css projectStructure="" iteration="" />
      <Owners>
        <Owner name="" />
      </Owners>
      <Execution id="00000000-0000-00ae-A281-0000000EE00D" />
      <TestMethod name="tests.08_params_test.test_parameterization[b]" codeBase="" className="tests.08_params_test" />
    </UnitTest>
    <UnitTest name="tests.08_params_test.test_parameterization[c]" id="00000000-0000-00ae-A281-0000000DD00E">
      <Css projectStructure="" iteration="" />
      <Owners>
        <Owner name="" />
      </Owners>
      <Execution id="00000000-0000-00ae-A281-0000000EE00E" />
      <TestMethod name="tests.08_params_test.test_parameterization[c]" codeBase="" className="tests.08_params_test" />
    </UnitTest>
    <UnitTest name="tests.08_params_test.test_parameterization[d]" id="00000000-0000-00ae-A281-0000000DD00F">
      <Css projectStructure="" iteration="" />
      <Owners>
        <Owner name="" />
      </Owners>
      <Execution id="00000000-0000-00ae-A281-0000000EE00F" />
      <TestMethod name="tests.08_params_test.test_parameterization[d]" codeBase="" className="tests.08_params_test" />
    </UnitTest>
    <UnitTest name="tests.08_params_test.test_parameterization[e]" id="00000000-0000-00ae-A281-000000DD0010">
      <Css projectStructure="" iteration="" />
      <Owners>
        <Owner name="" />
      </Owners>
      <Execution id="00000000-0000-00ae-A281-000000EE0010" />
      <TestMethod name="tests.08_params_test.test_parameterization[e]" codeBase="" className="tests.08_params_test" />
    </UnitTest>
    <UnitTest name="tests.08_params_test.test_modes[foo]" id="00000000-0000-00ae-A281-000000DD0011">
      <Css projectStructure="" iteration="" />
      <Owners>
        <Owner name="" />
      </Owners>
      <Execution id="00000000-0000-00ae-A281-000000EE0011" />
      <TestMethod name="tests.08_params_test.test_modes[foo]" codeBase="" className="tests.08_params_test" />
    </UnitTest>
    <UnitTest name="tests.08_params_test.test_modes[bar]" id="00000000-0000-00ae-A281-000000DD0012">
      <Css projectStructure="" iteration="" />
      <Owners>
        <Owner name="" />
      </Owners>
      <Execution id="00000000-0000-00ae-A281-000000EE0012" />
      <TestMethod name="tests.08_params_test.test_modes[bar]" codeBase="" className="tests.08_params_test" />
    </UnitTest>
    <UnitTest name="tests.08_params_test.test_modes[baz]" id="00000000-0000-00ae-A281-000000DD0013">
      <Css projectStructure="" iteration="" />
      <Owners>
        <Owner name="" />
      </Owners>
      <Execution id="00000000-0000-00ae-A281-000000EE0013" />
      <TestMethod name="tests.08_params_test.test_modes[baz]" codeBase="" className="tests.08_params_test" />
    </UnitTest>
    <UnitTest name="tests.09_params-ception_test.test_fixtureception[a-1]" id="00000000-0000-00ae-A281-000000DD0014">
      <Css projectStructure="" iteration="" />
      <Owners>
        <Owner name="" />
      </Owners>
      <Execution id="00000000-0000-00ae-A281-000000EE0014" />
      <TestMethod name="tests.09_params-ception_test.test_fixtureception[a-1]" codeBase="" className="tests.09_params-ception_test" />
    </UnitTest>
    <UnitTest name="tests.09_params-ception_test.test_fixtureception[a-2]" id="00000000-0000-00ae-A281-000000DD0015">
      <Css projectStructure="" iteration="" />
      <Owners>
        <Owner name="" />
      </Owners>
      <Execution id="00000000-0000-00ae-A281-000000EE0015" />
      <TestMethod name="tests.09_params-ception_test.test_fixtureception[a-2]" codeBase="" className="tests.09_params-ception_test" />
    </UnitTest>
    <UnitTest name="tests.09_params-ception_test.test_fixtureception[a-3]" id="00000000-0000-00ae-A281-000000DD0016">
      <Css projectStructure="" iteration="" />
      <Owners>
        <Owner name="" />
      </Owners>
      <Execution id="00000000-0000-00ae-A281-000000EE0016" />
      <TestMethod name="tests.09_params-ception_test.test_fixtureception[a-3]" codeBase="" className="tests.09_params-ception_test" />
    </UnitTest>
    <UnitTest name="tests.09_params-ception_test.test_fixtureception[a-4]" id="00000000-0000-00ae-A281-000000DD0017">
      <Css projectStructure="" iteration="" />
      <Owners>
        <Owner name="" />
      </Owners>
      <Execution id="00000000-0000-00ae-A281-000000EE0017" />
      <TestMethod name="tests.09_params-ception_test.test_fixtureception[a-4]" codeBase="" className="tests.09_params-ception_test" />
    </UnitTest>
    <UnitTest name="tests.09_params-ception_test.test_fixtureception[b-1]" id="00000000-0000-00ae-A281-000000DD0018">
      <Css projectStructure="" iteration="" />
      <Owners>
        <Owner name="" />
      </Owners>
      <Execution id="00000000-0000-00ae-A281-000000EE0018" />
      <TestMethod name="tests.09_params-ception_test.test_fixtureception[b-1]" codeBase="" className="tests.09_params-ception_test" />
    </UnitTest>
    <UnitTest name="tests.09_params-ception_test.test_fixtureception[b-2]" id="00000000-0000-00ae-A281-000000DD0019">
      <Css projectStructure="" iteration="" />
      <Owners>
        <Owner name="" />
      </Owners>
      <Execution id="00000000-0000-00ae-A281-000000EE0019" />
      <TestMethod name="tests.09_params-ception_test.test_fixtureception[b-2]" codeBase="" className="tests.09_params-ception_test" />
    </UnitTest>
    <UnitTest name="tests.09_params-ception_test.test_fixtureception[b-3]" id="00000000-0000-00ae-A281-000000DD001A">
      <Css projectStructure="" iteration="" />
      <Owners>
        <Owner name="" />
      </Owners>
      <Execution id="00000000-0000-00ae-A281-000000EE001A" />
      <TestMethod name="tests.09_params-ception_test.test_fixtureception[b-3]" codeBase="" className="tests.09_params-ception_test" />
    </UnitTest>
    <UnitTest name="tests.09_params-ception_test.test_fixtureception[b-4]" id="00000000-0000-00ae-A281-000000DD001B">
      <Css projectStructure="" iteration="" />
      <Owners>
        <Owner name="" />
      </Owners>
      <Execution id="00000000-0000-00ae-A281-000000EE001B" />
      <TestMethod name="tests.09_params-ception_test.test_fixtureception[b-4]" codeBase="" className="tests.09_params-ception_test" />
    </UnitTest>
    <UnitTest name="tests.09_params-ception_test.test_fixtureception[c-1]" id="00000000-0000-00ae-A281-000000DD001C">
      <Css projectStructure="" iteration="" />
      <Owners>
        <Owner name="" />
      </Owners>
      <Execution id="00000000-0000-00ae-A281-000000EE001C" />
      <TestMethod name="tests.09_params-ception_test.test_fixtureception[c-1]" codeBase="" className="tests.09_params-ception_test" />
    </UnitTest>
    <UnitTest name="tests.09_params-ception_test.test_fixtureception[c-2]" id="00000000-0000-00ae-A281-000000DD001D">
      <Css projectStructure="" iteration="" />
      <Owners>
        <Owner name="" />
      </Owners>
      <Execution id="00000000-0000-00ae-A281-000000EE001D" />
      <TestMethod name="tests.09_params-ception_test.test_fixtureception[c-2]" codeBase="" className="tests.09_params-ception_test" />
    </UnitTest>
    <UnitTest name="tests.09_params-ception_test.test_fixtureception[c-3]" id="00000000-0000-00ae-A281-000000DD001E">
      <Css projectStructure="" iteration="" />
      <Owners>
        <Owner name="" />
      </Owners>
      <Execution id="00000000-0000-00ae-A281-000000EE001E" />
      <TestMethod name="tests.09_params-ception_test.test_fixtureception[c-3]" codeBase="" className="tests.09_params-ception_test" />
    </UnitTest>
    <UnitTest name="tests.09_params-ception_test.test_fixtureception[c-4]" id="00000000-0000-00ae-A281-000000DD001F">
      <Css projectStructure="" iteration="" />
      <Owners>
        <Owner name="" />
      </Owners>
      <Execution id="00000000-0000-00ae-A281-000000EE001F" />
      <TestMethod name="tests.09_params-ception_test.test_fixtureception[c-4]" codeBase="" className="tests.09_params-ception_test" />
    </UnitTest>
    <UnitTest name="tests.09_params-ception_test.test_fixtureception[d-1]" id="00000000-0000-00ae-A281-000000DD0020">
      <Css projectStructure="" iteration="" />
      <Owners>
        <Owner name="" />
      </Owners>
      <Execution id="00000000-0000-00ae-A281-000000EE0020" />
      <TestMethod name="tests.09_params-ception_test.test_fixtureception[d-1]" codeBase="" className="tests.09_params-ception_test" />
    </UnitTest>
    <UnitTest name="tests.09_params-ception_test.test_fixtureception[d-2]" id="00000000-0000-00ae-A281-000000DD0021">
      <Css projectStructure="" iteration="" />
      <Owners>
        <Owner name="" />
      </Owners>
      <Execution id="00000000-0000-00ae-A281-000000EE0021" />
      <TestMethod name="tests.09_params-ception_test.test_fixtureception[d-2]" codeBase="" className="tests.09_params-ception_test" />
    </UnitTest>
    <UnitTest name="tests.09_params-ception_test.test_fixtureception[d-3]" id="00000000-0000-00ae-A281-000000DD0022">
      <Css projectStructure="" iteration="" />
      <Owners>
        <Owner name="" />
      </Owners>
      <Execution id="00000000-0000-00ae-A281-000000EE0022" />
      <TestMethod name="tests.09_params-ception_test.test_fixtureception[d-3]" codeBase="" className="tests.09_params-ception_test" />
    </UnitTest>
    <UnitTest name="tests.09_params-ception_test.test_fixtureception[d-4]" id="00000000-0000-00ae-A281-000000DD0023">
      <Css projectStructure="" iteration="" />
      <Owners>
        <Owner name="" />
      </Owners>
      <Execution id="00000000-0000-00ae-A281-000000EE0023" />
      <TestMethod name="tests.09_params-ception_test.test_fixtureception[d-4]" codeBase="" className="tests.09_params-ception_test" />
    </UnitTest>
    <UnitTest name="tests.10_advanced_params-ception_test.test_advanced_fixtureception[a-1]" id="00000000-0000-00ae-A281-000000DD0024">
      <Css projectStructure="" iteration="" />
      <Owners>
        <Owner name="" />
      </Owners>
      <Execution id="00000000-0000-00ae-A281-000000EE0024" />
      <TestMethod name="tests.10_advanced_params-ception_test.test_advanced_fixtureception[a-1]" codeBase="" className="tests.10_advanced_params-ception_test" />
    </UnitTest>
    <UnitTest name="tests.10_advanced_params-ception_test.test_advanced_fixtureception[a-2]" id="00000000-0000-00ae-A281-000000DD0025">
      <Css projectStructure="" iteration="" />
      <Owners>
        <Owner name="" />
      </Owners>
      <Execution id="00000000-0000-00ae-A281-000000EE0025" />
      <TestMethod name="tests.10_advanced_params-ception_test.test_advanced_fixtureception[a-2]" codeBase="" className="tests.10_advanced_params-ception_test" />
    </UnitTest>
    <UnitTest name="tests.10_advanced_params-ception_test.test_advanced_fixtureception[a-3]" id="00000000-0000-00ae-A281-000000DD0026">
      <Css projectStructure="" iteration="" />
      <Owners>
        <Owner name="" />
      </Owners>
      <Execution id="00000000-0000-00ae-A281-000000EE0026" />
      <TestMethod name="tests.10_advanced_params-ception_test.test_advanced_fixtureception[a-3]" codeBase="" className="tests.10_advanced_params-ception_test" />
    </UnitTest>
    <UnitTest name="tests.10_advanced_params-ception_test.test_advanced_fixtureception[a-4]" id="00000000-0000-00ae-A281-000000DD0027">
      <Css projectStructure="" iteration="" />
      <Owners>
        <Owner name="" />
      </Owners>
      <Execution id="00000000-0000-00ae-A281-000000EE0027" />
      <TestMethod name="tests.10_advanced_params-ception_test.test_advanced_fixtureception[a-4]" codeBase="" className="tests.10_advanced_params-ception_test" />
    </UnitTest>
    <UnitTest name="tests.10_advanced_params-ception_test.test_advanced_fixtureception[b-1]" id="00000000-0000-00ae-A281-000000DD0028">
      <Css projectStructure="" iteration="" />
      <Owners>
        <Owner name="" />
      </Owners>
      <Execution id="00000000-0000-00ae-A281-000000EE0028" />
      <TestMethod name="tests.10_advanced_params-ception_test.test_advanced_fixtureception[b-1]" codeBase="" className="tests.10_advanced_params-ception_test" />
    </UnitTest>
    <UnitTest name="tests.10_advanced_params-ception_test.test_advanced_fixtureception[b-2]" id="00000000-0000-00ae-A281-000000DD0029">
      <Css projectStructure="" iteration="" />
      <Owners>
        <Owner name="" />
      </Owners>
      <Execution id="00000000-0000-00ae-A281-000000EE0029" />
      <TestMethod name="tests.10_advanced_params-ception_test.test_advanced_fixtureception[b-2]" codeBase="" className="tests.10_advanced_params-ception_test" />
    </UnitTest>
    <UnitTest name="tests.10_advanced_params-ception_test.test_advanced_fixtureception[b-3]" id="00000000-0000-00ae-A281-000000DD002A">
      <Css projectStructure="" iteration="" />
      <Owners>
        <Owner name="" />
      </Owners>
      <Execution id="00000000-0000-00ae-A281-000000EE002A" />
      <TestMethod name="tests.10_advanced_params-ception_test.test_advanced_fixtureception[b-3]" codeBase="" className="tests.10_advanced_params-ception_test" />
    </UnitTest>
    <UnitTest name="tests.10_advanced_params-ception_test.test_advanced_fixtureception[b-4]" id="00000000-0000-00ae-A281-000000DD002B">
      <Css projectStructure="" iteration="" />
      <Owners>
        <Owner name="" />
      </Owners>
      <Execution id="00000000-0000-00ae-A281-000000EE002B" />
      <TestMethod name="tests.10_advanced_params-ception_test.test_advanced_fixtureception[b-4]" codeBase="" className="tests.10_advanced_params-ception_test" />
    </UnitTest>
    <UnitTest name="tests.10_advanced_params-ception_test.test_advanced_fixtureception[c-1]" id="00000000-0000-00ae-A281-000000DD002C">
      <Css projectStructure="" iteration="" />
      <Owners>
        <Owner name="" />
      </Owners>
      <Execution id="00000000-0000-00ae-A281-000000EE002C" />
      <TestMethod name="tests.10_advanced_params-ception_test.test_advanced_fixtureception[c-1]" codeBase="" className="tests.10_advanced_params-ception_test" />
    </UnitTest>
    <UnitTest name="tests.10_advanced_params-ception_test.test_advanced_fixtureception[c-2]" id="00000000-0000-00ae-A281-000000DD002D">
      <Css projectStructure="" iteration="" />
      <Owners>
        <Owner name="" />
      </Owners>
      <Execution id="00000000-0000-00ae-A281-000000EE002D" />
      <TestMethod name="tests.10_advanced_params-ception_test.test_advanced_fixtureception[c-2]" codeBase="" className="tests.10_advanced_params-ception_test" />
    </UnitTest>
    <UnitTest name="tests.10_advanced_params-ception_test.test_advanced_fixtureception[c-3]" id="00000000-0000-00ae-A281-000000DD002E">
      <Css projectStructure="" iteration="" />
      <Owners>
        <Owner name="" />
      </Owners>
      <Execution id="00000000-0000-00ae-A281-000000EE002E" />
      <TestMethod name="tests.10_advanced_params-ception_test.test_advanced_fixtureception[c-3]" codeBase="" className="tests.10_advanced_params-ception_test" />
    </UnitTest>
    <UnitTest name="tests.10_advanced_params-ception_test.test_advanced_fixtureception[c-4]" id="00000000-0000-00ae-A281-000000DD002F">
      <Css projectStructure="" iteration="" />
      <Owners>
        <Owner name="" />
      </Owners>
      <Execution id="00000000-0000-00ae-A281-000000EE002F" />
      <TestMethod name="tests.10_advanced_params-ception_test.test_advanced_fixtureception[c-4]" codeBase="" className="tests.10_advanced_params-ception_test" />
    </UnitTest>
    <UnitTest name="tests.10_advanced_params-ception_test.test_advanced_fixtureception[d-1]" id="00000000-0000-00ae-A281-000000DD0030">
      <Css projectStructure="" iteration="" />
      <Owners>
        <Owner name="" />
      </Owners>
      <Execution id="00000000-0000-00ae-A281-000000EE0030" />
      <TestMethod name="tests.10_advanced_params-ception_test.test_advanced_fixtureception[d-1]" codeBase="" className="tests.10_advanced_params-ception_test" />
    </UnitTest>
    <UnitTest name="tests.10_advanced_params-ception_test.test_advanced_fixtureception[d-2]" id="00000000-0000-00ae-A281-000000DD0031">
      <Css projectStructure="" iteration="" />
      <Owners>
        <Owner name="" />
      </Owners>
      <Execution id="00000000-0000-00ae-A281-000000EE0031" />
      <TestMethod name="tests.10_advanced_params-ception_test.test_advanced_fixtureception[d-2]" codeBase="" className="tests.10_advanced_params-ception_test" />
    </UnitTest>
    <UnitTest name="tests.10_advanced_params-ception_test.test_advanced_fixtureception[d-3]" id="00000000-0000-00ae-A281-000000DD0032">
      <Css projectStructure="" iteration="" />
      <Owners>
        <Owner name="" />
      </Owners>
      <Execution id="00000000-0000-00ae-A281-000000EE0032" />
      <TestMethod name="tests.10_advanced_params-ception_test.test_advanced_fixtureception[d-3]" codeBase="" className="tests.10_advanced_params-ception_test" />
    </UnitTest>
    <UnitTest name="tests.10_advanced_params-ception_test.test_advanced_fixtureception[d-4]" id="00000000-0000-00ae-A281-000000DD0033">
      <Css projectStructure="" iteration="" />
      <Owners>
        <Owner name="" />
      </Owners>
      <Execution id="00000000-0000-00ae-A281-000000EE0033" />
      <TestMethod name="tests.10_advanced_params-ception_test.test_advanced_fixtureception[d-4]" codeBase="" className="tests.10_advanced_params-ception_test" />
    </UnitTest>
    <UnitTest name="tests.11_mark_test.test_fake_query" id="00000000-0000-00ae-A281-000000DD0034">
      <Css projectStructure="" iteration="" />
      <Owners>
        <Owner name="" />
      </Owners>
      <Execution id="00000000-0000-00ae-A281-000000EE0034" />
      <TestMethod name="tests.11_mark_test.test_fake_query" codeBase="" className="tests.11_mark_test" />
    </UnitTest>
    <UnitTest name="tests.11_mark_test.test_fake_stats_function" id="00000000-0000-00ae-A281-000000DD0035">
      <Css projectStructure="" iteration="" />
      <Owners>
        <Owner name="" />
      </Owners>
      <Execution id="00000000-0000-00ae-A281-000000EE0035" />
      <TestMethod name="tests.11_mark_test.test_fake_stats_function" codeBase="" className="tests.11_mark_test" />
    </UnitTest>
    <UnitTest name="tests.11_mark_test.test_fake_multi_join_query" id="00000000-0000-00ae-A281-000000DD0036">
      <Css projectStructure="" iteration="" />
      <Owners>
        <Owner name="" />
      </Owners>
      <Execution id="00000000-0000-00ae-A281-000000EE0036" />
      <TestMethod name="tests.11_mark_test.test_fake_multi_join_query" codeBase="" className="tests.11_mark_test" />
    </UnitTest>
    <UnitTest name="tests.14_class_based_test.TestSimpleClass.test_two_checking_method" id="00000000-0000-00ae-A281-000000DD0037">
      <Css projectStructure="" iteration="" />
      <Owners>
        <Owner name="" />
      </Owners>
      <Execution id="00000000-0000-00ae-A281-000000EE0037" />
      <TestMethod name="tests.14_class_based_test.TestSimpleClass.test_two_checking_method" codeBase="" className="tests.14_class_based_test.TestSimpleClass" />
    </UnitTest>
    <UnitTest name="tests.15_advanced_class_test.TestIntermediateClass.test1" id="00000000-0000-00ae-A281-000000DD0038">
      <Css projectStructure="" iteration="" />
      <Owners>
        <Owner name="" />
      </Owners>
      <Execution id="00000000-0000-00ae-A281-000000EE0038" />
      <TestMethod name="tests.15_advanced_class_test.TestIntermediateClass.test1" codeBase="" className="tests.15_advanced_class_test.TestIntermediateClass" />
    </UnitTest>
    <UnitTest name="tests.15_advanced_class_test.TestIntermediateClass.test2" id="00000000-0000-00ae-A281-000000DD0039">
      <Css projectStructure="" iteration="" />
      <Owners>
        <Owner name="" />
      </Owners>
      <Execution id="00000000-0000-00ae-A281-000000EE0039" />
      <TestMethod name="tests.15_advanced_class_test.TestIntermediateClass.test2" codeBase="" className="tests.15_advanced_class_test.TestIntermediateClass" />
    </UnitTest>
    <UnitTest name="tests.16_scoped_and_meta_fixtures_test.test_scoped_fixtures[1]" id="00000000-0000-00ae-A281-000000DD003A">
      <Css projectStructure="" iteration="" />
      <Owners>
        <Owner name="" />
      </Owners>
      <Execution id="00000000-0000-00ae-A281-000000EE003A" />
      <TestMethod name="tests.16_scoped_and_meta_fixtures_test.test_scoped_fixtures[1]" codeBase="" className="tests.16_scoped_and_meta_fixtures_test" />
    </UnitTest>
    <UnitTest name="tests.16_scoped_and_meta_fixtures_test.test_scoped_fixtures[2]" id="00000000-0000-00ae-A281-000000DD003B">
      <Css projectStructure="" iteration="" />
      <Owners>
        <Owner name="" />
      </Owners>
      <Execution id="00000000-0000-00ae-A281-000000EE003B" />
      <TestMethod name="tests.16_scoped_and_meta_fixtures_test.test_scoped_fixtures[2]" codeBase="" className="tests.16_scoped_and_meta_fixtures_test" />
    </UnitTest>
    <UnitTest name="tests.16_scoped_and_meta_fixtures_test.test_scoped_fixtures[3]" id="00000000-0000-00ae-A281-000000DD003C">
      <Css projectStructure="" iteration="" />
      <Owners>
        <Owner name="" />
      </Owners>
      <Execution id="00000000-0000-00ae-A281-000000EE003C" />
      <TestMethod name="tests.16_scoped_and_meta_fixtures_test.test_scoped_fixtures[3]" codeBase="" className="tests.16_scoped_and_meta_fixtures_test" />
    </UnitTest>
    <UnitTest name="tests.16_scoped_and_meta_fixtures_test.test_scoped_fixtures[4]" id="00000000-0000-00ae-A281-000000DD003D">
      <Css projectStructure="" iteration="" />
      <Owners>
        <Owner name="" />
      </Owners>
      <Execution id="00000000-0000-00ae-A281-000000EE003D" />
      <TestMethod name="tests.16_scoped_and_meta_fixtures_test.test_scoped_fixtures[4]" codeBase="" className="tests.16_scoped_and_meta_fixtures_test" />
    </UnitTest>
    <UnitTest name="tests.16_scoped_and_meta_fixtures_test.test_scoped_fixtures[5]" id="00000000-0000-00ae-A281-000000DD003E">
      <Css projectStructure="" iteration="" />
      <Owners>
        <Owner name="" />
      </Owners>
      <Execution id="00000000-0000-00ae-A281-000000EE003E" />
      <TestMethod name="tests.16_scoped_and_meta_fixtures_test.test_scoped_fixtures[5]" codeBase="" className="tests.16_scoped_and_meta_fixtures_test" />
    </UnitTest>
    <UnitTest name="tests.16_scoped_and_meta_fixtures_test.test_scoped_fixtures[6]" id="00000000-0000-00ae-A281-000000DD003F">
      <Css projectStructure="" iteration="" />
      <Owners>
        <Owner name="" />
      </Owners>
      <Execution id="00000000-0000-00ae-A281-000000EE003F" />
      <TestMethod name="tests.16_scoped_and_meta_fixtures_test.test_scoped_fixtures[6]" codeBase="" className="tests.16_scoped_and_meta_fixtures_test" />
    </UnitTest>
    <UnitTest name="tests.16_scoped_and_meta_fixtures_test.test_scoped_fixtures[7]" id="00000000-0000-00ae-A281-000000DD0040">
      <Css projectStructure="" iteration="" />
      <Owners>
        <Owner name="" />
      </Owners>
      <Execution id="00000000-0000-00ae-A281-000000EE0040" />
      <TestMethod name="tests.16_scoped_and_meta_fixtures_test.test_scoped_fixtures[7]" codeBase="" className="tests.16_scoped_and_meta_fixtures_test" />
    </UnitTest>
    <UnitTest name="tests.16_scoped_and_meta_fixtures_test.test_scoped_fixtures[8]" id="00000000-0000-00ae-A281-000000DD0041">
      <Css projectStructure="" iteration="" />
      <Owners>
        <Owner name="" />
      </Owners>
      <Execution id="00000000-0000-00ae-A281-000000EE0041" />
      <TestMethod name="tests.16_scoped_and_meta_fixtures_test.test_scoped_fixtures[8]" codeBase="" className="tests.16_scoped_and_meta_fixtures_test" />
    </UnitTest>
    <UnitTest name="tests.16_scoped_and_meta_fixtures_test.test_scoped_fixtures[9]" id="00000000-0000-00ae-A281-000000DD0042">
      <Css projectStructure="" iteration="" />
      <Owners>
        <Owner name="" />
      </Owners>
      <Execution id="00000000-0000-00ae-A281-000000EE0042" />
      <TestMethod name="tests.16_scoped_and_meta_fixtures_test.test_scoped_fixtures[9]" codeBase="" className="tests.16_scoped_and_meta_fixtures_test" />
    </UnitTest>
    <UnitTest name="tests.16_scoped_and_meta_fixtures_test.test_scoped_fixtures[10]" id="00000000-0000-00ae-A281-000000DD0043">
      <Css projectStructure="" iteration="" />
      <Owners>
        <Owner name="" />
      </Owners>
      <Execution id="00000000-0000-00ae-A281-000000EE0043" />
      <TestMethod name="tests.16_scoped_and_meta_fixtures_test.test_scoped_fixtures[10]" codeBase="" className="tests.16_scoped_and_meta_fixtures_test" />
    </UnitTest>
    <UnitTest name="tests.16_scoped_and_meta_fixtures_test.test_scoped_fixtures[11]" id="00000000-0000-00ae-A281-000000DD0044">
      <Css projectStructure="" iteration="" />
      <Owners>
        <Owner name="" />
      </Owners>
      <Execution id="00000000-0000-00ae-A281-000000EE0044" />
      <TestMethod name="tests.16_scoped_and_meta_fixtures_test.test_scoped_fixtures[11]" codeBase="" className="tests.16_scoped_and_meta_fixtures_test" />
    </UnitTest>
    <UnitTest name="tests.16_scoped_and_meta_fixtures_test.test_scoped_fixtures[12]" id="00000000-0000-00ae-A281-000000DD0045">
      <Css projectStructure="" iteration="" />
      <Owners>
        <Owner name="" />
      </Owners>
      <Execution id="00000000-0000-00ae-A281-000000EE0045" />
      <TestMethod name="tests.16_scoped_and_meta_fixtures_test.test_scoped_fixtures[12]" codeBase="" className="tests.16_scoped_and_meta_fixtures_test" />
    </UnitTest>
    <UnitTest name="tests.16_scoped_and_meta_fixtures_test.test_scoped_fixtures[13]" id="00000000-0000-00ae-A281-000000DD0046">
      <Css projectStructure="" iteration="" />
      <Owners>
        <Owner name="" />
      </Owners>
      <Execution id="00000000-0000-00ae-A281-000000EE0046" />
      <TestMethod name="tests.16_scoped_and_meta_fixtures_test.test_scoped_fixtures[13]" codeBase="" className="tests.16_scoped_and_meta_fixtures_test" />
    </UnitTest>
    <UnitTest name="tests.16_scoped_and_meta_fixtures_test.test_scoped_fixtures[14]" id="00000000-0000-00ae-A281-000000DD0047">
      <Css projectStructure="" iteration="" />
      <Owners>
        <Owner name="" />
      </Owners>
      <Execution id="00000000-0000-00ae-A281-000000EE0047" />
      <TestMethod name="tests.16_scoped_and_meta_fixtures_test.test_scoped_fixtures[14]" codeBase="" className="tests.16_scoped_and_meta_fixtures_test" />
    </UnitTest>
    <UnitTest name="tests.16_scoped_and_meta_fixtures_test.test_scoped_fixtures[15]" id="00000000-0000-00ae-A281-000000DD0048">
      <Css projectStructure="" iteration="" />
      <Owners>
        <Owner name="" />
      </Owners>
      <Execution id="00000000-0000-00ae-A281-000000EE0048" />
      <TestMethod name="tests.16_scoped_and_meta_fixtures_test.test_scoped_fixtures[15]" codeBase="" className="tests.16_scoped_and_meta_fixtures_test" />
    </UnitTest>
    <UnitTest name="tests.16_scoped_and_meta_fixtures_test.test_scoped_fixtures[16]" id="00000000-0000-00ae-A281-000000DD0049">
      <Css projectStructure="" iteration="" />
      <Owners>
        <Owner name="" />
      </Owners>
      <Execution id="00000000-0000-00ae-A281-000000EE0049" />
      <TestMethod name="tests.16_scoped_and_meta_fixtures_test.test_scoped_fixtures[16]" codeBase="" className="tests.16_scoped_and_meta_fixtures_test" />
    </UnitTest>
    <UnitTest name="tests.16_scoped_and_meta_fixtures_test.test_scoped_fixtures[17]" id="00000000-0000-00ae-A281-000000DD004A">
      <Css projectStructure="" iteration="" />
      <Owners>
        <Owner name="" />
      </Owners>
      <Execution id="00000000-0000-00ae-A281-000000EE004A" />
      <TestMethod name="tests.16_scoped_and_meta_fixtures_test.test_scoped_fixtures[17]" codeBase="" className="tests.16_scoped_and_meta_fixtures_test" />
    </UnitTest>
    <UnitTest name="tests.16_scoped_and_meta_fixtures_test.test_scoped_fixtures[18]" id="00000000-0000-00ae-A281-000000DD004B">
      <Css projectStructure="" iteration="" />
      <Owners>
        <Owner name="" />
      </Owners>
      <Execution id="00000000-0000-00ae-A281-000000EE004B" />
      <TestMethod name="tests.16_scoped_and_meta_fixtures_test.test_scoped_fixtures[18]" codeBase="" className="tests.16_scoped_and_meta_fixtures_test" />
    </UnitTest>
    <UnitTest name="tests.16_scoped_and_meta_fixtures_test.test_scoped_fixtures[19]" id="00000000-0000-00ae-A281-000000DD004C">
      <Css projectStructure="" iteration="" />
      <Owners>
        <Owner name="" />
      </Owners>
      <Execution id="00000000-0000-00ae-A281-000000EE004C" />
      <TestMethod name="tests.16_scoped_and_meta_fixtures_test.test_scoped_fixtures[19]" codeBase="" className="tests.16_scoped_and_meta_fixtures_test" />
    </UnitTest>
    <UnitTest name="tests.16_scoped_and_meta_fixtures_test.test_scoped_fixtures[20]" id="00000000-0000-00ae-A281-000000DD004D">
      <Css projectStructure="" iteration="" />
      <Owners>
        <Owner name="" />
      </Owners>
      <Execution id="00000000-0000-00ae-A281-000000EE004D" />
      <TestMethod name="tests.16_scoped_and_meta_fixtures_test.test_scoped_fixtures[20]" codeBase="" className="tests.16_scoped_and_meta_fixtures_test" />
    </UnitTest>
    <UnitTest name="tests.16_scoped_and_meta_fixtures_test.test_scoped_fixtures[21]" id="00000000-0000-00ae-A281-000000DD004E">
      <Css projectStructure="" iteration="" />
      <Owners>
        <Owner name="" />
      </Owners>
      <Execution id="00000000-0000-00ae-A281-000000EE004E" />
      <TestMethod name="tests.16_scoped_and_meta_fixtures_test.test_scoped_fixtures[21]" codeBase="" className="tests.16_scoped_and_meta_fixtures_test" />
    </UnitTest>
    <UnitTest name="tests.16_scoped_and_meta_fixtures_test.test_scoped_fixtures[22]" id="00000000-0000-00ae-A281-000000DD004F">
      <Css projectStructure="" iteration="" />
      <Owners>
        <Owner name="" />
      </Owners>
      <Execution id="00000000-0000-00ae-A281-000000EE004F" />
      <TestMethod name="tests.16_scoped_and_meta_fixtures_test.test_scoped_fixtures[22]" codeBase="" className="tests.16_scoped_and_meta_fixtures_test" />
    </UnitTest>
    <UnitTest name="tests.16_scoped_and_meta_fixtures_test.test_scoped_fixtures[23]" id="00000000-0000-00ae-A281-000000DD0050">
      <Css projectStructure="" iteration="" />
      <Owners>
        <Owner name="" />
      </Owners>
      <Execution id="00000000-0000-00ae-A281-000000EE0050" />
      <TestMethod name="tests.16_scoped_and_meta_fixtures_test.test_scoped_fixtures[23]" codeBase="" className="tests.16_scoped_and_meta_fixtures_test" />
    </UnitTest>
    <UnitTest name="tests.16_scoped_and_meta_fixtures_test.test_scoped_fixtures[24]" id="00000000-0000-00ae-A281-000000DD0051">
      <Css projectStructure="" iteration="" />
      <Owners>
        <Owner name="" />
      </Owners>
      <Execution id="00000000-0000-00ae-A281-000000EE0051" />
      <TestMethod name="tests.16_scoped_and_meta_fixtures_test.test_scoped_fixtures[24]" codeBase="" className="tests.16_scoped_and_meta_fixtures_test" />
    </UnitTest>
    <UnitTest name="tests.16_scoped_and_meta_fixtures_test.test_scoped_fixtures[25]" id="00000000-0000-00ae-A281-000000DD0052">
      <Css projectStructure="" iteration="" />
      <Owners>
        <Owner name="" />
      </Owners>
      <Execution id="00000000-0000-00ae-A281-000000EE0052" />
      <TestMethod name="tests.16_scoped_and_meta_fixtures_test.test_scoped_fixtures[25]" codeBase="" className="tests.16_scoped_and_meta_fixtures_test" />
    </UnitTest>
    <UnitTest name="tests.16_scoped_and_meta_fixtures_test.test_scoped_fixtures[26]" id="00000000-0000-00ae-A281-000000DD0053">
      <Css projectStructure="" iteration="" />
      <Owners>
        <Owner name="" />
      </Owners>
      <Execution id="00000000-0000-00ae-A281-000000EE0053" />
      <TestMethod name="tests.16_scoped_and_meta_fixtures_test.test_scoped_fixtures[26]" codeBase="" className="tests.16_scoped_and_meta_fixtures_test" />
    </UnitTest>
    <UnitTest name="tests.16_scoped_and_meta_fixtures_test.test_scoped_fixtures[27]" id="00000000-0000-00ae-A281-000000DD0054">
      <Css projectStructure="" iteration="" />
      <Owners>
        <Owner name="" />
      </Owners>
      <Execution id="00000000-0000-00ae-A281-000000EE0054" />
      <TestMethod name="tests.16_scoped_and_meta_fixtures_test.test_scoped_fixtures[27]" codeBase="" className="tests.16_scoped_and_meta_fixtures_test" />
    </UnitTest>
    <UnitTest name="tests.16_scoped_and_meta_fixtures_test.test_scoped_fixtures[28]" id="00000000-0000-00ae-A281-000000DD0055">
      <Css projectStructure="" iteration="" />
      <Owners>
        <Owner name="" />
      </Owners>
      <Execution id="00000000-0000-00ae-A281-000000EE0055" />
      <TestMethod name="tests.16_scoped_and_meta_fixtures_test.test_scoped_fixtures[28]" codeBase="" className="tests.16_scoped_and_meta_fixtures_test" />
    </UnitTest>
    <UnitTest name="tests.16_scoped_and_meta_fixtures_test.test_scoped_fixtures[29]" id="00000000-0000-00ae-A281-000000DD0056">
      <Css projectStructure="" iteration="" />
      <Owners>
        <Owner name="" />
      </Owners>
      <Execution id="00000000-0000-00ae-A281-000000EE0056" />
      <TestMethod name="tests.16_scoped_and_meta_fixtures_test.test_scoped_fixtures[29]" codeBase="" className="tests.16_scoped_and_meta_fixtures_test" />
    </UnitTest>
    <UnitTest name="tests.16_scoped_and_meta_fixtures_test.test_scoped_fixtures[30]" id="00000000-0000-00ae-A281-000000DD0057">
      <Css projectStructure="" iteration="" />
      <Owners>
        <Owner name="" />
      </Owners>
      <Execution id="00000000-0000-00ae-A281-000000EE0057" />
      <TestMethod name="tests.16_scoped_and_meta_fixtures_test.test_scoped_fixtures[30]" codeBase="" className="tests.16_scoped_and_meta_fixtures_test" />
    </UnitTest>
    <UnitTest name="tests.16_scoped_and_meta_fixtures_test.test_scoped_fixtures[31]" id="00000000-0000-00ae-A281-000000DD0058">
      <Css projectStructure="" iteration="" />
      <Owners>
        <Owner name="" />
      </Owners>
      <Execution id="00000000-0000-00ae-A281-000000EE0058" />
      <TestMethod name="tests.16_scoped_and_meta_fixtures_test.test_scoped_fixtures[31]" codeBase="" className="tests.16_scoped_and_meta_fixtures_test" />
    </UnitTest>
    <UnitTest name="tests.16_scoped_and_meta_fixtures_test.test_scoped_fixtures[32]" id="00000000-0000-00ae-A281-000000DD0059">
      <Css projectStructure="" iteration="" />
      <Owners>
        <Owner name="" />
      </Owners>
      <Execution id="00000000-0000-00ae-A281-000000EE0059" />
      <TestMethod name="tests.16_scoped_and_meta_fixtures_test.test_scoped_fixtures[32]" codeBase="" className="tests.16_scoped_and_meta_fixtures_test" />
    </UnitTest>
    <UnitTest name="tests.16_scoped_and_meta_fixtures_test.test_scoped_fixtures[33]" id="00000000-0000-00ae-A281-000000DD005A">
      <Css projectStructure="" iteration="" />
      <Owners>
        <Owner name="" />
      </Owners>
      <Execution id="00000000-0000-00ae-A281-000000EE005A" />
      <TestMethod name="tests.16_scoped_and_meta_fixtures_test.test_scoped_fixtures[33]" codeBase="" className="tests.16_scoped_and_meta_fixtures_test" />
    </UnitTest>
    <UnitTest name="tests.16_scoped_and_meta_fixtures_test.test_scoped_fixtures[34]" id="00000000-0000-00ae-A281-000000DD005B">
      <Css projectStructure="" iteration="" />
      <Owners>
        <Owner name="" />
      </Owners>
      <Execution id="00000000-0000-00ae-A281-000000EE005B" />
      <TestMethod name="tests.16_scoped_and_meta_fixtures_test.test_scoped_fixtures[34]" codeBase="" className="tests.16_scoped_and_meta_fixtures_test" />
    </UnitTest>
    <UnitTest name="tests.16_scoped_and_meta_fixtures_test.test_scoped_fixtures[35]" id="00000000-0000-00ae-A281-000000DD005C">
      <Css projectStructure="" iteration="" />
      <Owners>
        <Owner name="" />
      </Owners>
      <Execution id="00000000-0000-00ae-A281-000000EE005C" />
      <TestMethod name="tests.16_scoped_and_meta_fixtures_test.test_scoped_fixtures[35]" codeBase="" className="tests.16_scoped_and_meta_fixtures_test" />
    </UnitTest>
    <UnitTest name="tests.16_scoped_and_meta_fixtures_test.test_scoped_fixtures[36]" id="00000000-0000-00ae-A281-000000DD005D">
      <Css projectStructure="" iteration="" />
      <Owners>
        <Owner name="" />
      </Owners>
      <Execution id="00000000-0000-00ae-A281-000000EE005D" />
      <TestMethod name="tests.16_scoped_and_meta_fixtures_test.test_scoped_fixtures[36]" codeBase="" className="tests.16_scoped_and_meta_fixtures_test" />
    </UnitTest>
    <UnitTest name="tests.16_scoped_and_meta_fixtures_test.test_scoped_fixtures[37]" id="00000000-0000-00ae-A281-000000DD005E">
      <Css projectStructure="" iteration="" />
      <Owners>
        <Owner name="" />
      </Owners>
      <Execution id="00000000-0000-00ae-A281-000000EE005E" />
      <TestMethod name="tests.16_scoped_and_meta_fixtures_test.test_scoped_fixtures[37]" codeBase="" className="tests.16_scoped_and_meta_fixtures_test" />
    </UnitTest>
    <UnitTest name="tests.16_scoped_and_meta_fixtures_test.test_scoped_fixtures[38]" id="00000000-0000-00ae-A281-000000DD005F">
      <Css projectStructure="" iteration="" />
      <Owners>
        <Owner name="" />
      </Owners>
      <Execution id="00000000-0000-00ae-A281-000000EE005F" />
      <TestMethod name="tests.16_scoped_and_meta_fixtures_test.test_scoped_fixtures[38]" codeBase="" className="tests.16_scoped_and_meta_fixtures_test" />
    </UnitTest>
    <UnitTest name="tests.16_scoped_and_meta_fixtures_test.test_scoped_fixtures[39]" id="00000000-0000-00ae-A281-000000DD0060">
      <Css projectStructure="" iteration="" />
      <Owners>
        <Owner name="" />
      </Owners>
      <Execution id="00000000-0000-00ae-A281-000000EE0060" />
      <TestMethod name="tests.16_scoped_and_meta_fixtures_test.test_scoped_fixtures[39]" codeBase="" className="tests.16_scoped_and_meta_fixtures_test" />
    </UnitTest>
    <UnitTest name="tests.16_scoped_and_meta_fixtures_test.test_scoped_fixtures[40]" id="00000000-0000-00ae-A281-000000DD0061">
      <Css projectStructure="" iteration="" />
      <Owners>
        <Owner name="" />
      </Owners>
      <Execution id="00000000-0000-00ae-A281-000000EE0061" />
      <TestMethod name="tests.16_scoped_and_meta_fixtures_test.test_scoped_fixtures[40]" codeBase="" className="tests.16_scoped_and_meta_fixtures_test" />
    </UnitTest>
    <UnitTest name="tests.16_scoped_and_meta_fixtures_test.test_scoped_fixtures[41]" id="00000000-0000-00ae-A281-000000DD0062">
      <Css projectStructure="" iteration="" />
      <Owners>
        <Owner name="" />
      </Owners>
      <Execution id="00000000-0000-00ae-A281-000000EE0062" />
      <TestMethod name="tests.16_scoped_and_meta_fixtures_test.test_scoped_fixtures[41]" codeBase="" className="tests.16_scoped_and_meta_fixtures_test" />
    </UnitTest>
    <UnitTest name="tests.16_scoped_and_meta_fixtures_test.test_scoped_fixtures[42]" id="00000000-0000-00ae-A281-000000DD0063">
      <Css projectStructure="" iteration="" />
      <Owners>
        <Owner name="" />
      </Owners>
      <Execution id="00000000-0000-00ae-A281-000000EE0063" />
      <TestMethod name="tests.16_scoped_and_meta_fixtures_test.test_scoped_fixtures[42]" codeBase="" className="tests.16_scoped_and_meta_fixtures_test" />
    </UnitTest>
    <UnitTest name="tests.16_scoped_and_meta_fixtures_test.test_scoped_fixtures[43]" id="00000000-0000-00ae-A281-000000DD0064">
      <Css projectStructure="" iteration="" />
      <Owners>
        <Owner name="" />
      </Owners>
      <Execution id="00000000-0000-00ae-A281-000000EE0064" />
      <TestMethod name="tests.16_scoped_and_meta_fixtures_test.test_scoped_fixtures[43]" codeBase="" className="tests.16_scoped_and_meta_fixtures_test" />
    </UnitTest>
    <UnitTest name="tests.16_scoped_and_meta_fixtures_test.test_scoped_fixtures[44]" id="00000000-0000-00ae-A281-000000DD0065">
      <Css projectStructure="" iteration="" />
      <Owners>
        <Owner name="" />
      </Owners>
      <Execution id="00000000-0000-00ae-A281-000000EE0065" />
      <TestMethod name="tests.16_scoped_and_meta_fixtures_test.test_scoped_fixtures[44]" codeBase="" className="tests.16_scoped_and_meta_fixtures_test" />
    </UnitTest>
    <UnitTest name="tests.16_scoped_and_meta_fixtures_test.test_scoped_fixtures[45]" id="00000000-0000-00ae-A281-000000DD0066">
      <Css projectStructure="" iteration="" />
      <Owners>
        <Owner name="" />
      </Owners>
      <Execution id="00000000-0000-00ae-A281-000000EE0066" />
      <TestMethod name="tests.16_scoped_and_meta_fixtures_test.test_scoped_fixtures[45]" codeBase="" className="tests.16_scoped_and_meta_fixtures_test" />
    </UnitTest>
    <UnitTest name="tests.16_scoped_and_meta_fixtures_test.test_scoped_fixtures[46]" id="00000000-0000-00ae-A281-000000DD0067">
      <Css projectStructure="" iteration="" />
      <Owners>
        <Owner name="" />
      </Owners>
      <Execution id="00000000-0000-00ae-A281-000000EE0067" />
      <TestMethod name="tests.16_scoped_and_meta_fixtures_test.test_scoped_fixtures[46]" codeBase="" className="tests.16_scoped_and_meta_fixtures_test" />
    </UnitTest>
    <UnitTest name="tests.16_scoped_and_meta_fixtures_test.test_scoped_fixtures[47]" id="00000000-0000-00ae-A281-000000DD0068">
      <Css projectStructure="" iteration="" />
      <Owners>
        <Owner name="" />
      </Owners>
      <Execution id="00000000-0000-00ae-A281-000000EE0068" />
      <TestMethod name="tests.16_scoped_and_meta_fixtures_test.test_scoped_fixtures[47]" codeBase="" className="tests.16_scoped_and_meta_fixtures_test" />
    </UnitTest>
    <UnitTest name="tests.16_scoped_and_meta_fixtures_test.test_scoped_fixtures[48]" id="00000000-0000-00ae-A281-000000DD0069">
      <Css projectStructure="" iteration="" />
      <Owners>
        <Owner name="" />
      </Owners>
      <Execution id="00000000-0000-00ae-A281-000000EE0069" />
      <TestMethod name="tests.16_scoped_and_meta_fixtures_test.test_scoped_fixtures[48]" codeBase="" className="tests.16_scoped_and_meta_fixtures_test" />
    </UnitTest>
    <UnitTest name="tests.16_scoped_and_meta_fixtures_test.test_scoped_fixtures[49]" id="00000000-0000-00ae-A281-000000DD006A">
      <Css projectStructure="" iteration="" />
      <Owners>
        <Owner name="" />
      </Owners>
      <Execution id="00000000-0000-00ae-A281-000000EE006A" />
      <TestMethod name="tests.16_scoped_and_meta_fixtures_test.test_scoped_fixtures[49]" codeBase="" className="tests.16_scoped_and_meta_fixtures_test" />
    </UnitTest>
    <UnitTest name="tests.16_scoped_and_meta_fixtures_test.test_scoped_fixtures[50]" id="00000000-0000-00ae-A281-000000DD006B">
      <Css projectStructure="" iteration="" />
      <Owners>
        <Owner name="" />
      </Owners>
      <Execution id="00000000-0000-00ae-A281-000000EE006B" />
      <TestMethod name="tests.16_scoped_and_meta_fixtures_test.test_scoped_fixtures[50]" codeBase="" className="tests.16_scoped_and_meta_fixtures_test" />
    </UnitTest>
    <UnitTest name="tests.19_re_usable_mock_test.test_re_usable_mocker" id="00000000-0000-00ae-A281-000000DD006C">
      <Css projectStructure="" iteration="" />
      <Owners>
        <Owner name="" />
      </Owners>
      <Execution id="00000000-0000-00ae-A281-000000EE006C" />
      <TestMethod name="tests.19_re_usable_mock_test.test_re_usable_mocker" codeBase="" className="tests.19_re_usable_mock_test" />
    </UnitTest>
    <UnitTest name="tests.19_re_usable_mock_test.test_mocker_with_exception" id="00000000-0000-00ae-A281-000000DD006D">
      <Css projectStructure="" iteration="" />
      <Owners>
        <Owner name="" />
      </Owners>
      <Execution id="00000000-0000-00ae-A281-000000EE006D" />
      <TestMethod name="tests.19_re_usable_mock_test.test_mocker_with_exception" codeBase="" className="tests.19_re_usable_mock_test" />
    </UnitTest>
  </TestDefinitions>
  <TestLists>
    <TestList name="Results Not in a List" id="8c84fa94-04c1-424b-9868-57a2d4851a1d" />
    <TestList name="All Loaded Results" id="19431567-8539-422a-85d7-44ee4e166bda" />
  </TestLists>
  <TestEntries>
    <TestEntry testListId="8c84fa94-04c1-424b-9868-57a2d4851a1d" testId="00000000-0000-00ae-A281-0000000DD001" executionId="00000000-0000-00ae-A281-0000000EE001" />
    <TestEntry testListId="8c84fa94-04c1-424b-9868-57a2d4851a1d" testId="00000000-0000-00ae-A281-0000000DD002" executionId="00000000-0000-00ae-A281-0000000EE002" />
    <TestEntry testListId="8c84fa94-04c1-424b-9868-57a2d4851a1d" testId="00000000-0000-00ae-A281-0000000DD003" executionId="00000000-0000-00ae-A281-0000000EE003" />
    <TestEntry testListId="8c84fa94-04c1-424b-9868-57a2d4851a1d" testId="00000000-0000-00ae-A281-0000000DD004" executionId="00000000-0000-00ae-A281-0000000EE004" />
    <TestEntry testListId="8c84fa94-04c1-424b-9868-57a2d4851a1d" testId="00000000-0000-00ae-A281-0000000DD005" executionId="00000000-0000-00ae-A281-0000000EE005" />
    <TestEntry testListId="8c84fa94-04c1-424b-9868-57a2d4851a1d" testId="00000000-0000-00ae-A281-0000000DD006" executionId="00000000-0000-00ae-A281-0000000EE006" />
    <TestEntry testListId="8c84fa94-04c1-424b-9868-57a2d4851a1d" testId="00000000-0000-00ae-A281-0000000DD007" executionId="00000000-0000-00ae-A281-0000000EE007" />
    <TestEntry testListId="8c84fa94-04c1-424b-9868-57a2d4851a1d" testId="00000000-0000-00ae-A281-0000000DD008" executionId="00000000-0000-00ae-A281-0000000EE008" />
    <TestEntry testListId="8c84fa94-04c1-424b-9868-57a2d4851a1d" testId="00000000-0000-00ae-A281-0000000DD009" executionId="00000000-0000-00ae-A281-0000000EE009" />
    <TestEntry testListId="8c84fa94-04c1-424b-9868-57a2d4851a1d" testId="00000000-0000-00ae-A281-0000000DD00A" executionId="00000000-0000-00ae-A281-0000000EE00A" />
    <TestEntry testListId="8c84fa94-04c1-424b-9868-57a2d4851a1d" testId="00000000-0000-00ae-A281-0000000DD00B" executionId="00000000-0000-00ae-A281-0000000EE00B" />
    <TestEntry testListId="8c84fa94-04c1-424b-9868-57a2d4851a1d" testId="00000000-0000-00ae-A281-0000000DD00C" executionId="00000000-0000-00ae-A281-0000000EE00C" />
    <TestEntry testListId="8c84fa94-04c1-424b-9868-57a2d4851a1d" testId="00000000-0000-00ae-A281-0000000DD00D" executionId="00000000-0000-00ae-A281-0000000EE00D" />
    <TestEntry testListId="8c84fa94-04c1-424b-9868-57a2d4851a1d" testId="00000000-0000-00ae-A281-0000000DD00E" executionId="00000000-0000-00ae-A281-0000000EE00E" />
    <TestEntry testListId="8c84fa94-04c1-424b-9868-57a2d4851a1d" testId="00000000-0000-00ae-A281-0000000DD00F" executionId="00000000-0000-00ae-A281-0000000EE00F" />
    <TestEntry testListId="8c84fa94-04c1-424b-9868-57a2d4851a1d" testId="00000000-0000-00ae-A281-000000DD0010" executionId="00000000-0000-00ae-A281-000000EE0010" />
    <TestEntry testListId="8c84fa94-04c1-424b-9868-57a2d4851a1d" testId="00000000-0000-00ae-A281-000000DD0011" executionId="00000000-0000-00ae-A281-000000EE0011" />
    <TestEntry testListId="8c84fa94-04c1-424b-9868-57a2d4851a1d" testId="00000000-0000-00ae-A281-000000DD0012" executionId="00000000-0000-00ae-A281-000000EE0012" />
    <TestEntry testListId="8c84fa94-04c1-424b-9868-57a2d4851a1d" testId="00000000-0000-00ae-A281-000000DD0013" executionId="00000000-0000-00ae-A281-000000EE0013" />
    <TestEntry testListId="8c84fa94-04c1-424b-9868-57a2d4851a1d" testId="00000000-0000-00ae-A281-000000DD0014" executionId="00000000-0000-00ae-A281-000000EE0014" />
    <TestEntry testListId="8c84fa94-04c1-424b-9868-57a2d4851a1d" testId="00000000-0000-00ae-A281-000000DD0015" executionId="00000000-0000-00ae-A281-000000EE0015" />
    <TestEntry testListId="8c84fa94-04c1-424b-9868-57a2d4851a1d" testId="00000000-0000-00ae-A281-000000DD0016" executionId="00000000-0000-00ae-A281-000000EE0016" />
    <TestEntry testListId="8c84fa94-04c1-424b-9868-57a2d4851a1d" testId="00000000-0000-00ae-A281-000000DD0017" executionId="00000000-0000-00ae-A281-000000EE0017" />
    <TestEntry testListId="8c84fa94-04c1-424b-9868-57a2d4851a1d" testId="00000000-0000-00ae-A281-000000DD0018" executionId="00000000-0000-00ae-A281-000000EE0018" />
    <TestEntry testListId="8c84fa94-04c1-424b-9868-57a2d4851a1d" testId="00000000-0000-00ae-A281-000000DD0019" executionId="00000000-0000-00ae-A281-000000EE0019" />
    <TestEntry testListId="8c84fa94-04c1-424b-9868-57a2d4851a1d" testId="00000000-0000-00ae-A281-000000DD001A" executionId="00000000-0000-00ae-A281-000000EE001A" />
    <TestEntry testListId="8c84fa94-04c1-424b-9868-57a2d4851a1d" testId="00000000-0000-00ae-A281-000000DD001B" executionId="00000000-0000-00ae-A281-000000EE001B" />
    <TestEntry testListId="8c84fa94-04c1-424b-9868-57a2d4851a1d" testId="00000000-0000-00ae-A281-000000DD001C" executionId="00000000-0000-00ae-A281-000000EE001C" />
    <TestEntry testListId="8c84fa94-04c1-424b-9868-57a2d4851a1d" testId="00000000-0000-00ae-A281-000000DD001D" executionId="00000000-0000-00ae-A281-000000EE001D" />
    <TestEntry testListId="8c84fa94-04c1-424b-9868-57a2d4851a1d" testId="00000000-0000-00ae-A281-000000DD001E" executionId="00000000-0000-00ae-A281-000000EE001E" />
    <TestEntry testListId="8c84fa94-04c1-424b-9868-57a2d4851a1d" testId="00000000-0000-00ae-A281-000000DD001F" executionId="00000000-0000-00ae-A281-000000EE001F" />
    <TestEntry testListId="8c84fa94-04c1-424b-9868-57a2d4851a1d" testId="00000000-0000-00ae-A281-000000DD0020" executionId="00000000-0000-00ae-A281-000000EE0020" />
    <TestEntry testListId="8c84fa94-04c1-424b-9868-57a2d4851a1d" testId="00000000-0000-00ae-A281-000000DD0021" executionId="00000000-0000-00ae-A281-000000EE0021" />
    <TestEntry testListId="8c84fa94-04c1-424b-9868-57a2d4851a1d" testId="00000000-0000-00ae-A281-000000DD0022" executionId="00000000-0000-00ae-A281-000000EE0022" />
    <TestEntry testListId="8c84fa94-04c1-424b-9868-57a2d4851a1d" testId="00000000-0000-00ae-A281-000000DD0023" executionId="00000000-0000-00ae-A281-000000EE0023" />
    <TestEntry testListId="8c84fa94-04c1-424b-9868-57a2d4851a1d" testId="00000000-0000-00ae-A281-000000DD0024" executionId="00000000-0000-00ae-A281-000000EE0024" />
    <TestEntry testListId="8c84fa94-04c1-424b-9868-57a2d4851a1d" testId="00000000-0000-00ae-A281-000000DD0025" executionId="00000000-0000-00ae-A281-000000EE0025" />
    <TestEntry testListId="8c84fa94-04c1-424b-9868-57a2d4851a1d" testId="00000000-0000-00ae-A281-000000DD0026" executionId="00000000-0000-00ae-A281-000000EE0026" />
    <TestEntry testListId="8c84fa94-04c1-424b-9868-57a2d4851a1d" testId="00000000-0000-00ae-A281-000000DD0027" executionId="00000000-0000-00ae-A281-000000EE0027" />
    <TestEntry testListId="8c84fa94-04c1-424b-9868-57a2d4851a1d" testId="00000000-0000-00ae-A281-000000DD0028" executionId="00000000-0000-00ae-A281-000000EE0028" />
    <TestEntry testListId="8c84fa94-04c1-424b-9868-57a2d4851a1d" testId="00000000-0000-00ae-A281-000000DD0029" executionId="00000000-0000-00ae-A281-000000EE0029" />
    <TestEntry testListId="8c84fa94-04c1-424b-9868-57a2d4851a1d" testId="00000000-0000-00ae-A281-000000DD002A" executionId="00000000-0000-00ae-A281-000000EE002A" />
    <TestEntry testListId="8c84fa94-04c1-424b-9868-57a2d4851a1d" testId="00000000-0000-00ae-A281-000000DD002B" executionId="00000000-0000-00ae-A281-000000EE002B" />
    <TestEntry testListId="8c84fa94-04c1-424b-9868-57a2d4851a1d" testId="00000000-0000-00ae-A281-000000DD002C" executionId="00000000-0000-00ae-A281-000000EE002C" />
    <TestEntry testListId="8c84fa94-04c1-424b-9868-57a2d4851a1d" testId="00000000-0000-00ae-A281-000000DD002D" executionId="00000000-0000-00ae-A281-000000EE002D" />
    <TestEntry testListId="8c84fa94-04c1-424b-9868-57a2d4851a1d" testId="00000000-0000-00ae-A281-000000DD002E" executionId="00000000-0000-00ae-A281-000000EE002E" />
    <TestEntry testListId="8c84fa94-04c1-424b-9868-57a2d4851a1d" testId="00000000-0000-00ae-A281-000000DD002F" executionId="00000000-0000-00ae-A281-000000EE002F" />
    <TestEntry testListId="8c84fa94-04c1-424b-9868-57a2d4851a1d" testId="00000000-0000-00ae-A281-000000DD0030" executionId="00000000-0000-00ae-A281-000000EE0030" />
    <TestEntry testListId="8c84fa94-04c1-424b-9868-57a2d4851a1d" testId="00000000-0000-00ae-A281-000000DD0031" executionId="00000000-0000-00ae-A281-000000EE0031" />
    <TestEntry testListId="8c84fa94-04c1-424b-9868-57a2d4851a1d" testId="00000000-0000-00ae-A281-000000DD0032" executionId="00000000-0000-00ae-A281-000000EE0032" />
    <TestEntry testListId="8c84fa94-04c1-424b-9868-57a2d4851a1d" testId="00000000-0000-00ae-A281-000000DD0033" executionId="00000000-0000-00ae-A281-000000EE0033" />
    <TestEntry testListId="8c84fa94-04c1-424b-9868-57a2d4851a1d" testId="00000000-0000-00ae-A281-000000DD0034" executionId="00000000-0000-00ae-A281-000000EE0034" />
    <TestEntry testListId="8c84fa94-04c1-424b-9868-57a2d4851a1d" testId="00000000-0000-00ae-A281-000000DD0035" executionId="00000000-0000-00ae-A281-000000EE0035" />
    <TestEntry testListId="8c84fa94-04c1-424b-9868-57a2d4851a1d" testId="00000000-0000-00ae-A281-000000DD0036" executionId="00000000-0000-00ae-A281-000000EE0036" />
    <TestEntry testListId="8c84fa94-04c1-424b-9868-57a2d4851a1d" testId="00000000-0000-00ae-A281-000000DD0037" executionId="00000000-0000-00ae-A281-000000EE0037" />
    <TestEntry testListId="8c84fa94-04c1-424b-9868-57a2d4851a1d" testId="00000000-0000-00ae-A281-000000DD0038" executionId="00000000-0000-00ae-A281-000000EE0038" />
    <TestEntry testListId="8c84fa94-04c1-424b-9868-57a2d4851a1d" testId="00000000-0000-00ae-A281-000000DD0039" executionId="00000000-0000-00ae-A281-000000EE0039" />
    <TestEntry testListId="8c84fa94-04c1-424b-9868-57a2d4851a1d" testId="00000000-0000-00ae-A281-000000DD003A" executionId="00000000-0000-00ae-A281-000000EE003A" />
    <TestEntry testListId="8c84fa94-04c1-424b-9868-57a2d4851a1d" testId="00000000-0000-00ae-A281-000000DD003B" executionId="00000000-0000-00ae-A281-000000EE003B" />
    <TestEntry testListId="8c84fa94-04c1-424b-9868-57a2d4851a1d" testId="00000000-0000-00ae-A281-000000DD003C" executionId="00000000-0000-00ae-A281-000000EE003C" />
    <TestEntry testListId="8c84fa94-04c1-424b-9868-57a2d4851a1d" testId="00000000-0000-00ae-A281-000000DD003D" executionId="00000000-0000-00ae-A281-000000EE003D" />
    <TestEntry testListId="8c84fa94-04c1-424b-9868-57a2d4851a1d" testId="00000000-0000-00ae-A281-000000DD003E" executionId="00000000-0000-00ae-A281-000000EE003E" />
    <TestEntry testListId="8c84fa94-04c1-424b-9868-57a2d4851a1d" testId="00000000-0000-00ae-A281-000000DD003F" executionId="00000000-0000-00ae-A281-000000EE003F" />
    <TestEntry testListId="8c84fa94-04c1-424b-9868-57a2d4851a1d" testId="00000000-0000-00ae-A281-000000DD0040" executionId="00000000-0000-00ae-A281-000000EE0040" />
    <TestEntry testListId="8c84fa94-04c1-424b-9868-57a2d4851a1d" testId="00000000-0000-00ae-A281-000000DD0041" executionId="00000000-0000-00ae-A281-000000EE0041" />
    <TestEntry testListId="8c84fa94-04c1-424b-9868-57a2d4851a1d" testId="00000000-0000-00ae-A281-000000DD0042" executionId="00000000-0000-00ae-A281-000000EE0042" />
    <TestEntry testListId="8c84fa94-04c1-424b-9868-57a2d4851a1d" testId="00000000-0000-00ae-A281-000000DD0043" executionId="00000000-0000-00ae-A281-000000EE0043" />
    <TestEntry testListId="8c84fa94-04c1-424b-9868-57a2d4851a1d" testId="00000000-0000-00ae-A281-000000DD0044" executionId="00000000-0000-00ae-A281-000000EE0044" />
    <TestEntry testListId="8c84fa94-04c1-424b-9868-57a2d4851a1d" testId="00000000-0000-00ae-A281-000000DD0045" executionId="00000000-0000-00ae-A281-000000EE0045" />
    <TestEntry testListId="8c84fa94-04c1-424b-9868-57a2d4851a1d" testId="00000000-0000-00ae-A281-000000DD0046" executionId="00000000-0000-00ae-A281-000000EE0046" />
    <TestEntry testListId="8c84fa94-04c1-424b-9868-57a2d4851a1d" testId="00000000-0000-00ae-A281-000000DD0047" executionId="00000000-0000-00ae-A281-000000EE0047" />
    <TestEntry testListId="8c84fa94-04c1-424b-9868-57a2d4851a1d" testId="00000000-0000-00ae-A281-000000DD0048" executionId="00000000-0000-00ae-A281-000000EE0048" />
    <TestEntry testListId="8c84fa94-04c1-424b-9868-57a2d4851a1d" testId="00000000-0000-00ae-A281-000000DD0049" executionId="00000000-0000-00ae-A281-000000EE0049" />
    <TestEntry testListId="8c84fa94-04c1-424b-9868-57a2d4851a1d" testId="00000000-0000-00ae-A281-000000DD004A" executionId="00000000-0000-00ae-A281-000000EE004A" />
    <TestEntry testListId="8c84fa94-04c1-424b-9868-57a2d4851a1d" testId="00000000-0000-00ae-A281-000000DD004B" executionId="00000000-0000-00ae-A281-000000EE004B" />
    <TestEntry testListId="8c84fa94-04c1-424b-9868-57a2d4851a1d" testId="00000000-0000-00ae-A281-000000DD004C" executionId="00000000-0000-00ae-A281-000000EE004C" />
    <TestEntry testListId="8c84fa94-04c1-424b-9868-57a2d4851a1d" testId="00000000-0000-00ae-A281-000000DD004D" executionId="00000000-0000-00ae-A281-000000EE004D" />
    <TestEntry testListId="8c84fa94-04c1-424b-9868-57a2d4851a1d" testId="00000000-0000-00ae-A281-000000DD004E" executionId="00000000-0000-00ae-A281-000000EE004E" />
    <TestEntry testListId="8c84fa94-04c1-424b-9868-57a2d4851a1d" testId="00000000-0000-00ae-A281-000000DD004F" executionId="00000000-0000-00ae-A281-000000EE004F" />
    <TestEntry testListId="8c84fa94-04c1-424b-9868-57a2d4851a1d" testId="00000000-0000-00ae-A281-000000DD0050" executionId="00000000-0000-00ae-A281-000000EE0050" />
    <TestEntry testListId="8c84fa94-04c1-424b-9868-57a2d4851a1d" testId="00000000-0000-00ae-A281-000000DD0051" executionId="00000000-0000-00ae-A281-000000EE0051" />
    <TestEntry testListId="8c84fa94-04c1-424b-9868-57a2d4851a1d" testId="00000000-0000-00ae-A281-000000DD0052" executionId="00000000-0000-00ae-A281-000000EE0052" />
    <TestEntry testListId="8c84fa94-04c1-424b-9868-57a2d4851a1d" testId="00000000-0000-00ae-A281-000000DD0053" executionId="00000000-0000-00ae-A281-000000EE0053" />
    <TestEntry testListId="8c84fa94-04c1-424b-9868-57a2d4851a1d" testId="00000000-0000-00ae-A281-000000DD0054" executionId="00000000-0000-00ae-A281-000000EE0054" />
    <TestEntry testListId="8c84fa94-04c1-424b-9868-57a2d4851a1d" testId="00000000-0000-00ae-A281-000000DD0055" executionId="00000000-0000-00ae-A281-000000EE0055" />
    <TestEntry testListId="8c84fa94-04c1-424b-9868-57a2d4851a1d" testId="00000000-0000-00ae-A281-000000DD0056" executionId="00000000-0000-00ae-A281-000000EE0056" />
    <TestEntry testListId="8c84fa94-04c1-424b-9868-57a2d4851a1d" testId="00000000-0000-00ae-A281-000000DD0057" executionId="00000000-0000-00ae-A281-000000EE0057" />
    <TestEntry testListId="8c84fa94-04c1-424b-9868-57a2d4851a1d" testId="00000000-0000-00ae-A281-000000DD0058" executionId="00000000-0000-00ae-A281-000000EE0058" />
    <TestEntry testListId="8c84fa94-04c1-424b-9868-57a2d4851a1d" testId="00000000-0000-00ae-A281-000000DD0059" executionId="00000000-0000-00ae-A281-000000EE0059" />
    <TestEntry testListId="8c84fa94-04c1-424b-9868-57a2d4851a1d" testId="00000000-0000-00ae-A281-000000DD005A" executionId="00000000-0000-00ae-A281-000000EE005A" />
    <TestEntry testListId="8c84fa94-04c1-424b-9868-57a2d4851a1d" testId="00000000-0000-00ae-A281-000000DD005B" executionId="00000000-0000-00ae-A281-000000EE005B" />
    <TestEntry testListId="8c84fa94-04c1-424b-9868-57a2d4851a1d" testId="00000000-0000-00ae-A281-000000DD005C" executionId="00000000-0000-00ae-A281-000000EE005C" />
    <TestEntry testListId="8c84fa94-04c1-424b-9868-57a2d4851a1d" testId="00000000-0000-00ae-A281-000000DD005D" executionId="00000000-0000-00ae-A281-000000EE005D" />
    <TestEntry testListId="8c84fa94-04c1-424b-9868-57a2d4851a1d" testId="00000000-0000-00ae-A281-000000DD005E" executionId="00000000-0000-00ae-A281-000000EE005E" />
    <TestEntry testListId="8c84fa94-04c1-424b-9868-57a2d4851a1d" testId="00000000-0000-00ae-A281-000000DD005F" executionId="00000000-0000-00ae-A281-000000EE005F" />
    <TestEntry testListId="8c84fa94-04c1-424b-9868-57a2d4851a1d" testId="00000000-0000-00ae-A281-000000DD0060" executionId="00000000-0000-00ae-A281-000000EE0060" />
    <TestEntry testListId="8c84fa94-04c1-424b-9868-57a2d4851a1d" testId="00000000-0000-00ae-A281-000000DD0061" executionId="00000000-0000-00ae-A281-000000EE0061" />
    <TestEntry testListId="8c84fa94-04c1-424b-9868-57a2d4851a1d" testId="00000000-0000-00ae-A281-000000DD0062" executionId="00000000-0000-00ae-A281-000000EE0062" />
    <TestEntry testListId="8c84fa94-04c1-424b-9868-57a2d4851a1d" testId="00000000-0000-00ae-A281-000000DD0063" executionId="00000000-0000-00ae-A281-000000EE0063" />
    <TestEntry testListId="8c84fa94-04c1-424b-9868-57a2d4851a1d" testId="00000000-0000-00ae-A281-000000DD0064" executionId="00000000-0000-00ae-A281-000000EE0064" />
    <TestEntry testListId="8c84fa94-04c1-424b-9868-57a2d4851a1d" testId="00000000-0000-00ae-A281-000000DD0065" executionId="00000000-0000-00ae-A281-000000EE0065" />
    <TestEntry testListId="8c84fa94-04c1-424b-9868-57a2d4851a1d" testId="00000000-0000-00ae-A281-000000DD0066" executionId="00000000-0000-00ae-A281-000000EE0066" />
    <TestEntry testListId="8c84fa94-04c1-424b-9868-57a2d4851a1d" testId="00000000-0000-00ae-A281-000000DD0067" executionId="00000000-0000-00ae-A281-000000EE0067" />
    <TestEntry testListId="8c84fa94-04c1-424b-9868-57a2d4851a1d" testId="00000000-0000-00ae-A281-000000DD0068" executionId="00000000-0000-00ae-A281-000000EE0068" />
    <TestEntry testListId="8c84fa94-04c1-424b-9868-57a2d4851a1d" testId="00000000-0000-00ae-A281-000000DD0069" executionId="00000000-0000-00ae-A281-000000EE0069" />
    <TestEntry testListId="8c84fa94-04c1-424b-9868-57a2d4851a1d" testId="00000000-0000-00ae-A281-000000DD006A" executionId="00000000-0000-00ae-A281-000000EE006A" />
    <TestEntry testListId="8c84fa94-04c1-424b-9868-57a2d4851a1d" testId="00000000-0000-00ae-A281-000000DD006B" executionId="00000000-0000-00ae-A281-000000EE006B" />
    <TestEntry testListId="8c84fa94-04c1-424b-9868-57a2d4851a1d" testId="00000000-0000-00ae-A281-000000DD006C" executionId="00000000-0000-00ae-A281-000000EE006C" />
    <TestEntry testListId="8c84fa94-04c1-424b-9868-57a2d4851a1d" testId="00000000-0000-00ae-A281-000000DD006D" executionId="00000000-0000-00ae-A281-000000EE006D" />
  </TestEntries>
  <Results>
    <UnitTestResult startTime="2008-01-01T00:00:01.0000000+0:00" endTime="2008-01-01T00:00:02.0000000+0:00" testType="13cdc9d9-ddb5-4fa4-a97d-d965ccfc6d4b" testListId="8c84fa94-04c1-424b-9868-57a2d4851a1d" testName="tests.00_empty_test.test_empty" computerName="" duration="00:00:00.00300" testId="00000000-0000-00ae-A281-0000000DD001" executionId="00000000-0000-00ae-A281-0000000EE001" outcome="Passed">
      <Output />
    </UnitTestResult>
    <UnitTestResult startTime="2008-01-01T00:00:01.0000000+0:00" endTime="2008-01-01T00:00:02.0000000+0:00" testType="13cdc9d9-ddb5-4fa4-a97d-d965ccfc6d4b" testListId="8c84fa94-04c1-424b-9868-57a2d4851a1d" testName="tests.01_basic_test.test_example" computerName="" duration="00:00:00.00400" testId="00000000-0000-00ae-A281-0000000DD002" executionId="00000000-0000-00ae-A281-0000000EE002" outcome="Error">
      <Output>
        <ErrorInfo>
          <Message>AssertionError: assert {'Baz': [5, 7..., 'C': 'TDD'}} == {'Baz': [3, 5..., 'C': 'TDD'}}
  Omitting 2 identical items, use -vv to show
  Differing items:
  {'Baz': [5, 7, 11]} != {'Baz': [3, 5, 7]}
  Full diff:
    {
  -  'Baz': [3, 5, 7],
  ?          ---
  +  'Baz': [5, 7, 11],
  ?              ++++
     'Foo': 'Bar',
     'Qux': {'A': 'Boston', 'B': 'Python', 'C': 'TDD'},
    }</Message>
          <StackTrace>def test_example():
        """
        But really, test cases should be callables containing assertions:
        """
        print("\nRunning test_example...")
&gt;       assert DATA_SET_A == DATA_SET_C
E       AssertionError: assert {'Baz': [5, 7..., 'C': 'TDD'}} == {'Baz': [3, 5..., 'C': 'TDD'}}
E         Omitting 2 identical items, use -vv to show
E         Differing items:
E         {'Baz': [5, 7, 11]} != {'Baz': [3, 5, 7]}
E         Full diff:
E           {
E         -  'Baz': [3, 5, 7],
E         ?          ---
E         +  'Baz': [5, 7, 11],
E         ?              ++++
E            'Foo': 'Bar',
E            'Qux': {'A': 'Boston', 'B': 'Python', 'C': 'TDD'},
E           }

tests\01_basic_test.py:9: AssertionError</StackTrace>
        </ErrorInfo>
      </Output>
    </UnitTestResult>
    <UnitTestResult startTime="2008-01-01T00:00:01.0000000+0:00" endTime="2008-01-01T00:00:02.0000000+0:00" testType="13cdc9d9-ddb5-4fa4-a97d-d965ccfc6d4b" testListId="8c84fa94-04c1-424b-9868-57a2d4851a1d" testName="tests.02_special_assertions_test.test_div_zero_exception" computerName="" duration="00:00:00.00200" testId="00000000-0000-00ae-A281-0000000DD003" executionId="00000000-0000-00ae-A281-0000000EE003" outcome="Passed">
      <Output />
    </UnitTestResult>
    <UnitTestResult startTime="2008-01-01T00:00:01.0000000+0:00" endTime="2008-01-01T00:00:02.0000000+0:00" testType="13cdc9d9-ddb5-4fa4-a97d-d965ccfc6d4b" testListId="8c84fa94-04c1-424b-9868-57a2d4851a1d" testName="tests.02_special_assertions_test.test_keyerror_details" computerName="" duration="00:00:00.00100" testId="00000000-0000-00ae-A281-0000000DD004" executionId="00000000-0000-00ae-A281-0000000EE004" outcome="Passed">
      <Output />
    </UnitTestResult>
    <UnitTestResult startTime="2008-01-01T00:00:01.0000000+0:00" endTime="2008-01-01T00:00:02.0000000+0:00" testType="13cdc9d9-ddb5-4fa4-a97d-d965ccfc6d4b" testListId="8c84fa94-04c1-424b-9868-57a2d4851a1d" testName="tests.02_special_assertions_test.test_approximate_matches" computerName="" duration="00:00:00.00100" testId="00000000-0000-00ae-A281-0000000DD005" executionId="00000000-0000-00ae-A281-0000000EE005" outcome="Passed">
      <Output />
    </UnitTestResult>
    <UnitTestResult startTime="2008-01-01T00:00:01.0000000+0:00" endTime="2008-01-01T00:00:02.0000000+0:00" testType="13cdc9d9-ddb5-4fa4-a97d-d965ccfc6d4b" testListId="8c84fa94-04c1-424b-9868-57a2d4851a1d" testName="tests.03_simple_fixture_test.test_with_local_fixture" computerName="" duration="00:00:00.00200" testId="00000000-0000-00ae-A281-0000000DD006" executionId="00000000-0000-00ae-A281-0000000EE006" outcome="Passed">
      <Output />
    </UnitTestResult>
    <UnitTestResult startTime="2008-01-01T00:00:01.0000000+0:00" endTime="2008-01-01T00:00:02.0000000+0:00" testType="13cdc9d9-ddb5-4fa4-a97d-d965ccfc6d4b" testListId="8c84fa94-04c1-424b-9868-57a2d4851a1d" testName="tests.03_simple_fixture_test.test_with_global_fixture" computerName="" duration="00:00:00.00100" testId="00000000-0000-00ae-A281-0000000DD007" executionId="00000000-0000-00ae-A281-0000000EE007" outcome="Passed">
      <Output />
    </UnitTestResult>
    <UnitTestResult startTime="2008-01-01T00:00:01.0000000+0:00" endTime="2008-01-01T00:00:02.0000000+0:00" testType="13cdc9d9-ddb5-4fa4-a97d-d965ccfc6d4b" testListId="8c84fa94-04c1-424b-9868-57a2d4851a1d" testName="tests.04_fixture_returns_test.test_with_data_fixture" computerName="" duration="00:00:00.00200" testId="00000000-0000-00ae-A281-0000000DD008" executionId="00000000-0000-00ae-A281-0000000EE008" outcome="Passed">
      <Output />
    </UnitTestResult>
    <UnitTestResult startTime="2008-01-01T00:00:01.0000000+0:00" endTime="2008-01-01T00:00:02.0000000+0:00" testType="13cdc9d9-ddb5-4fa4-a97d-d965ccfc6d4b" testListId="8c84fa94-04c1-424b-9868-57a2d4851a1d" testName="tests.05_yield_fixture_test.test_with_yield_fixture" computerName="" duration="00:00:00.00200" testId="00000000-0000-00ae-A281-0000000DD009" executionId="00000000-0000-00ae-A281-0000000EE009" outcome="Passed">
      <Output />
    </UnitTestResult>
    <UnitTestResult startTime="2008-01-01T00:00:01.0000000+0:00" endTime="2008-01-01T00:00:02.0000000+0:00" testType="13cdc9d9-ddb5-4fa4-a97d-d965ccfc6d4b" testListId="8c84fa94-04c1-424b-9868-57a2d4851a1d" testName="tests.06_request_test.test_with_introspection" computerName="" duration="00:00:00.00200" testId="00000000-0000-00ae-A281-0000000DD00A" executionId="00000000-0000-00ae-A281-0000000EE00A" outcome="Passed">
      <Output />
    </UnitTestResult>
    <UnitTestResult startTime="2008-01-01T00:00:01.0000000+0:00" endTime="2008-01-01T00:00:02.0000000+0:00" testType="13cdc9d9-ddb5-4fa4-a97d-d965ccfc6d4b" testListId="8c84fa94-04c1-424b-9868-57a2d4851a1d" testName="tests.07_request_finalizer_test.test_with_safe_cleanup_fixture" computerName="" duration="00:00:00.00200" testId="00000000-0000-00ae-A281-0000000DD00B" executionId="00000000-0000-00ae-A281-0000000EE00B" outcome="Passed">
      <Output />
    </UnitTestResult>
    <UnitTestResult startTime="2008-01-01T00:00:01.0000000+0:00" endTime="2008-01-01T00:00:02.0000000+0:00" testType="13cdc9d9-ddb5-4fa4-a97d-d965ccfc6d4b" testListId="8c84fa94-04c1-424b-9868-57a2d4851a1d" testName="tests.08_params_test.test_parameterization[a]" computerName="" duration="00:00:00.00100" testId="00000000-0000-00ae-A281-0000000DD00C" executionId="00000000-0000-00ae-A281-0000000EE00C" outcome="Passed">
      <Output />
    </UnitTestResult>
    <UnitTestResult startTime="2008-01-01T00:00:01.0000000+0:00" endTime="2008-01-01T00:00:02.0000000+0:00" testType="13cdc9d9-ddb5-4fa4-a97d-d965ccfc6d4b" testListId="8c84fa94-04c1-424b-9868-57a2d4851a1d" testName="tests.08_params_test.test_parameterization[b]" computerName="" duration="00:00:00.00100" testId="00000000-0000-00ae-A281-0000000DD00D" executionId="00000000-0000-00ae-A281-0000000EE00D" outcome="Passed">
      <Output />
    </UnitTestResult>
    <UnitTestResult startTime="2008-01-01T00:00:01.0000000+0:00" endTime="2008-01-01T00:00:02.0000000+0:00" testType="13cdc9d9-ddb5-4fa4-a97d-d965ccfc6d4b" testListId="8c84fa94-04c1-424b-9868-57a2d4851a1d" testName="tests.08_params_test.test_parameterization[c]" computerName="" duration="00:00:00.00100" testId="00000000-0000-00ae-A281-0000000DD00E" executionId="00000000-0000-00ae-A281-0000000EE00E" outcome="Passed">
      <Output />
    </UnitTestResult>
    <UnitTestResult startTime="2008-01-01T00:00:01.0000000+0:00" endTime="2008-01-01T00:00:02.0000000+0:00" testType="13cdc9d9-ddb5-4fa4-a97d-d965ccfc6d4b" testListId="8c84fa94-04c1-424b-9868-57a2d4851a1d" testName="tests.08_params_test.test_parameterization[d]" computerName="" duration="00:00:00.00100" testId="00000000-0000-00ae-A281-0000000DD00F" executionId="00000000-0000-00ae-A281-0000000EE00F" outcome="Passed">
      <Output />
    </UnitTestResult>
    <UnitTestResult startTime="2008-01-01T00:00:01.0000000+0:00" endTime="2008-01-01T00:00:02.0000000+0:00" testType="13cdc9d9-ddb5-4fa4-a97d-d965ccfc6d4b" testListId="8c84fa94-04c1-424b-9868-57a2d4851a1d" testName="tests.08_params_test.test_parameterization[e]" computerName="" duration="00:00:00.00100" testId="00000000-0000-00ae-A281-000000DD0010" executionId="00000000-0000-00ae-A281-000000EE0010" outcome="Passed">
      <Output />
    </UnitTestResult>
    <UnitTestResult startTime="2008-01-01T00:00:01.0000000+0:00" endTime="2008-01-01T00:00:02.0000000+0:00" testType="13cdc9d9-ddb5-4fa4-a97d-d965ccfc6d4b" testListId="8c84fa94-04c1-424b-9868-57a2d4851a1d" testName="tests.08_params_test.test_modes[foo]" computerName="" duration="00:00:00.00100" testId="00000000-0000-00ae-A281-000000DD0011" executionId="00000000-0000-00ae-A281-000000EE0011" outcome="Passed">
      <Output />
    </UnitTestResult>
    <UnitTestResult startTime="2008-01-01T00:00:01.0000000+0:00" endTime="2008-01-01T00:00:02.0000000+0:00" testType="13cdc9d9-ddb5-4fa4-a97d-d965ccfc6d4b" testListId="8c84fa94-04c1-424b-9868-57a2d4851a1d" testName="tests.08_params_test.test_modes[bar]" computerName="" duration="00:00:00.00100" testId="00000000-0000-00ae-A281-000000DD0012" executionId="00000000-0000-00ae-A281-000000EE0012" outcome="Passed">
      <Output />
    </UnitTestResult>
    <UnitTestResult startTime="2008-01-01T00:00:01.0000000+0:00" endTime="2008-01-01T00:00:02.0000000+0:00" testType="13cdc9d9-ddb5-4fa4-a97d-d965ccfc6d4b" testListId="8c84fa94-04c1-424b-9868-57a2d4851a1d" testName="tests.08_params_test.test_modes[baz]" computerName="" duration="00:00:00.00100" testId="00000000-0000-00ae-A281-000000DD0013" executionId="00000000-0000-00ae-A281-000000EE0013" outcome="Passed">
      <Output />
    </UnitTestResult>
    <UnitTestResult startTime="2008-01-01T00:00:01.0000000+0:00" endTime="2008-01-01T00:00:02.0000000+0:00" testType="13cdc9d9-ddb5-4fa4-a97d-d965ccfc6d4b" testListId="8c84fa94-04c1-424b-9868-57a2d4851a1d" testName="tests.09_params-ception_test.test_fixtureception[a-1]" computerName="" duration="00:00:00.00200" testId="00000000-0000-00ae-A281-000000DD0014" executionId="00000000-0000-00ae-A281-000000EE0014" outcome="Passed">
      <Output />
    </UnitTestResult>
    <UnitTestResult startTime="2008-01-01T00:00:01.0000000+0:00" endTime="2008-01-01T00:00:02.0000000+0:00" testType="13cdc9d9-ddb5-4fa4-a97d-d965ccfc6d4b" testListId="8c84fa94-04c1-424b-9868-57a2d4851a1d" testName="tests.09_params-ception_test.test_fixtureception[a-2]" computerName="" duration="00:00:00.00200" testId="00000000-0000-00ae-A281-000000DD0015" executionId="00000000-0000-00ae-A281-000000EE0015" outcome="Passed">
      <Output />
    </UnitTestResult>
[...]
      <Output />
    </UnitTestResult>
    <UnitTestResult startTime="2008-01-01T00:00:01.0000000+0:00" endTime="2008-01-01T00:00:02.0000000+0:00" testType="13cdc9d9-ddb5-4fa4-a97d-d965ccfc6d4b" testListId="8c84fa94-04c1-424b-9868-57a2d4851a1d" testName="tests.16_scoped_and_meta_fixtures_test.test_scoped_fixtures[12]" computerName="" duration="00:00:00.00100" testId="00000000-0000-00ae-A281-000000DD0045" executionId="00000000-0000-00ae-A281-000000EE0045" outcome="Passed">
      <Output />
    </UnitTestResult>
    <UnitTestResult startTime="2008-01-01T00:00:01.0000000+0:00" endTime="2008-01-01T00:00:02.0000000+0:00" testType="13cdc9d9-ddb5-4fa4-a97d-d965ccfc6d4b" testListId="8c84fa94-04c1-424b-9868-57a2d4851a1d" testName="tests.16_scoped_and_meta_fixtures_test.test_scoped_fixtures[13]" computerName="" duration="00:00:00.00100" testId="00000000-0000-00ae-A281-000000DD0046" executionId="00000000-0000-00ae-A281-000000EE0046" outcome="Passed">
      <Output />
    </UnitTestResult>
    <UnitTestResult startTime="2008-01-01T00:00:01.0000000+0:00" endTime="2008-01-01T00:00:02.0000000+0:00" testType="13cdc9d9-ddb5-4fa4-a97d-d965ccfc6d4b" testListId="8c84fa94-04c1-424b-9868-57a2d4851a1d" testName="tests.16_scoped_and_meta_fixtures_test.test_scoped_fixtures[14]" computerName="" duration="00:00:00.00100" testId="00000000-0000-00ae-A281-000000DD0047" executionId="00000000-0000-00ae-A281-000000EE0047" outcome="Passed">
      <Output />
    </UnitTestResult>
    <UnitTestResult startTime="2008-01-01T00:00:01.0000000+0:00" endTime="2008-01-01T00:00:02.0000000+0:00" testType="13cdc9d9-ddb5-4fa4-a97d-d965ccfc6d4b" testListId="8c84fa94-04c1-424b-9868-57a2d4851a1d" testName="tests.16_scoped_and_meta_fixtures_test.test_scoped_fixtures[15]" computerName="" duration="00:00:00.00100" testId="00000000-0000-00ae-A281-000000DD0048" executionId="00000000-0000-00ae-A281-000000EE0048" outcome="Passed">
      <Output />
    </UnitTestResult>
    <UnitTestResult startTime="2008-01-01T00:00:01.0000000+0:00" endTime="2008-01-01T00:00:02.0000000+0:00" testType="13cdc9d9-ddb5-4fa4-a97d-d965ccfc6d4b" testListId="8c84fa94-04c1-424b-9868-57a2d4851a1d" testName="tests.16_scoped_and_meta_fixtures_test.test_scoped_fixtures[16]" computerName="" duration="00:00:00.00100" testId="00000000-0000-00ae-A281-000000DD0049" executionId="00000000-0000-00ae-A281-000000EE0049" outcome="Passed">
      <Output />
    </UnitTestResult>
    <UnitTestResult startTime="2008-01-01T00:00:01.0000000+0:00" endTime="2008-01-01T00:00:02.0000000+0:00" testType="13cdc9d9-ddb5-4fa4-a97d-d965ccfc6d4b" testListId="8c84fa94-04c1-424b-9868-57a2d4851a1d" testName="tests.16_scoped_and_meta_fixtures_test.test_scoped_fixtures[17]" computerName="" duration="00:00:00.00200" testId="00000000-0000-00ae-A281-000000DD004A" executionId="00000000-0000-00ae-A281-000000EE004A" outcome="Passed">
      <Output />
    </UnitTestResult>
    <UnitTestResult startTime="2008-01-01T00:00:01.0000000+0:00" endTime="2008-01-01T00:00:02.0000000+0:00" testType="13cdc9d9-ddb5-4fa4-a97d-d965ccfc6d4b" testListId="8c84fa94-04c1-424b-9868-57a2d4851a1d" testName="tests.16_scoped_and_meta_fixtures_test.test_scoped_fixtures[18]" computerName="" duration="00:00:00.00100" testId="00000000-0000-00ae-A281-000000DD004B" executionId="00000000-0000-00ae-A281-000000EE004B" outcome="Passed">
      <Output />
    </UnitTestResult>
    <UnitTestResult startTime="2008-01-01T00:00:01.0000000+0:00" endTime="2008-01-01T00:00:02.0000000+0:00" testType="13cdc9d9-ddb5-4fa4-a97d-d965ccfc6d4b" testListId="8c84fa94-04c1-424b-9868-57a2d4851a1d" testName="tests.16_scoped_and_meta_fixtures_test.test_scoped_fixtures[19]" computerName="" duration="00:00:00.00200" testId="00000000-0000-00ae-A281-000000DD004C" executionId="00000000-0000-00ae-A281-000000EE004C" outcome="Passed">
      <Output />
    </UnitTestResult>
    <UnitTestResult startTime="2008-01-01T00:00:01.0000000+0:00" endTime="2008-01-01T00:00:02.0000000+0:00" testType="13cdc9d9-ddb5-4fa4-a97d-d965ccfc6d4b" testListId="8c84fa94-04c1-424b-9868-57a2d4851a1d" testName="tests.16_scoped_and_meta_fixtures_test.test_scoped_fixtures[20]" computerName="" duration="00:00:00.00200" testId="00000000-0000-00ae-A281-000000DD004D" executionId="00000000-0000-00ae-A281-000000EE004D" outcome="Passed">
      <Output />
    </UnitTestResult>
    <UnitTestResult startTime="2008-01-01T00:00:01.0000000+0:00" endTime="2008-01-01T00:00:02.0000000+0:00" testType="13cdc9d9-ddb5-4fa4-a97d-d965ccfc6d4b" testListId="8c84fa94-04c1-424b-9868-57a2d4851a1d" testName="tests.16_scoped_and_meta_fixtures_test.test_scoped_fixtures[21]" computerName="" duration="00:00:00.00200" testId="00000000-0000-00ae-A281-000000DD004E" executionId="00000000-0000-00ae-A281-000000EE004E" outcome="Passed">
      <Output />
    </UnitTestResult>
    <UnitTestResult startTime="2008-01-01T00:00:01.0000000+0:00" endTime="2008-01-01T00:00:02.0000000+0:00" testType="13cdc9d9-ddb5-4fa4-a97d-d965ccfc6d4b" testListId="8c84fa94-04c1-424b-9868-57a2d4851a1d" testName="tests.16_scoped_and_meta_fixtures_test.test_scoped_fixtures[22]" computerName="" duration="00:00:00.00100" testId="00000000-0000-00ae-A281-000000DD004F" executionId="00000000-0000-00ae-A281-000000EE004F" outcome="Passed">
      <Output />
    </UnitTestResult>
    <UnitTestResult startTime="2008-01-01T00:00:01.0000000+0:00" endTime="2008-01-01T00:00:02.0000000+0:00" testType="13cdc9d9-ddb5-4fa4-a97d-d965ccfc6d4b" testListId="8c84fa94-04c1-424b-9868-57a2d4851a1d" testName="tests.16_scoped_and_meta_fixtures_test.test_scoped_fixtures[23]" computerName="" duration="00:00:00.00100" testId="00000000-0000-00ae-A281-000000DD0050" executionId="00000000-0000-00ae-A281-000000EE0050" outcome="Passed">
      <Output />
    </UnitTestResult>
    <UnitTestResult startTime="2008-01-01T00:00:01.0000000+0:00" endTime="2008-01-01T00:00:02.0000000+0:00" testType="13cdc9d9-ddb5-4fa4-a97d-d965ccfc6d4b" testListId="8c84fa94-04c1-424b-9868-57a2d4851a1d" testName="tests.16_scoped_and_meta_fixtures_test.test_scoped_fixtures[24]" computerName="" duration="00:00:00.00200" testId="00000000-0000-00ae-A281-000000DD0051" executionId="00000000-0000-00ae-A281-000000EE0051" outcome="Passed">
      <Output />
    </UnitTestResult>
    <UnitTestResult startTime="2008-01-01T00:00:01.0000000+0:00" endTime="2008-01-01T00:00:02.0000000+0:00" testType="13cdc9d9-ddb5-4fa4-a97d-d965ccfc6d4b" testListId="8c84fa94-04c1-424b-9868-57a2d4851a1d" testName="tests.16_scoped_and_meta_fixtures_test.test_scoped_fixtures[25]" computerName="" duration="00:00:00.00200" testId="00000000-0000-00ae-A281-000000DD0052" executionId="00000000-0000-00ae-A281-000000EE0052" outcome="Passed">
      <Output />
    </UnitTestResult>
    <UnitTestResult startTime="2008-01-01T00:00:01.0000000+0:00" endTime="2008-01-01T00:00:02.0000000+0:00" testType="13cdc9d9-ddb5-4fa4-a97d-d965ccfc6d4b" testListId="8c84fa94-04c1-424b-9868-57a2d4851a1d" testName="tests.16_scoped_and_meta_fixtures_test.test_scoped_fixtures[26]" computerName="" duration="00:00:00.00100" testId="00000000-0000-00ae-A281-000000DD0053" executionId="00000000-0000-00ae-A281-000000EE0053" outcome="Passed">
      <Output />
    </UnitTestResult>
    <UnitTestResult startTime="2008-01-01T00:00:01.0000000+0:00" endTime="2008-01-01T00:00:02.0000000+0:00" testType="13cdc9d9-ddb5-4fa4-a97d-d965ccfc6d4b" testListId="8c84fa94-04c1-424b-9868-57a2d4851a1d" testName="tests.16_scoped_and_meta_fixtures_test.test_scoped_fixtures[27]" computerName="" duration="00:00:00.00100" testId="00000000-0000-00ae-A281-000000DD0054" executionId="00000000-0000-00ae-A281-000000EE0054" outcome="Passed">
      <Output />
    </UnitTestResult>
    <UnitTestResult startTime="2008-01-01T00:00:01.0000000+0:00" endTime="2008-01-01T00:00:02.0000000+0:00" testType="13cdc9d9-ddb5-4fa4-a97d-d965ccfc6d4b" testListId="8c84fa94-04c1-424b-9868-57a2d4851a1d" testName="tests.16_scoped_and_meta_fixtures_test.test_scoped_fixtures[28]" computerName="" duration="00:00:00.00100" testId="00000000-0000-00ae-A281-000000DD0055" executionId="00000000-0000-00ae-A281-000000EE0055" outcome="Passed">
      <Output />
    </UnitTestResult>
    <UnitTestResult startTime="2008-01-01T00:00:01.0000000+0:00" endTime="2008-01-01T00:00:02.0000000+0:00" testType="13cdc9d9-ddb5-4fa4-a97d-d965ccfc6d4b" testListId="8c84fa94-04c1-424b-9868-57a2d4851a1d" testName="tests.16_scoped_and_meta_fixtures_test.test_scoped_fixtures[29]" computerName="" duration="00:00:00.00200" testId="00000000-0000-00ae-A281-000000DD0056" executionId="00000000-0000-00ae-A281-000000EE0056" outcome="Passed">
      <Output />
    </UnitTestResult>
    <UnitTestResult startTime="2008-01-01T00:00:01.0000000+0:00" endTime="2008-01-01T00:00:02.0000000+0:00" testType="13cdc9d9-ddb5-4fa4-a97d-d965ccfc6d4b" testListId="8c84fa94-04c1-424b-9868-57a2d4851a1d" testName="tests.16_scoped_and_meta_fixtures_test.test_scoped_fixtures[30]" computerName="" duration="00:00:00.00100" testId="00000000-0000-00ae-A281-000000DD0057" executionId="00000000-0000-00ae-A281-000000EE0057" outcome="Passed">
      <Output />
    </UnitTestResult>
    <UnitTestResult startTime="2008-01-01T00:00:01.0000000+0:00" endTime="2008-01-01T00:00:02.0000000+0:00" testType="13cdc9d9-ddb5-4fa4-a97d-d965ccfc6d4b" testListId="8c84fa94-04c1-424b-9868-57a2d4851a1d" testName="tests.16_scoped_and_meta_fixtures_test.test_scoped_fixtures[31]" computerName="" duration="00:00:00.00100" testId="00000000-0000-00ae-A281-000000DD0058" executionId="00000000-0000-00ae-A281-000000EE0058" outcome="Passed">
      <Output />
    </UnitTestResult>
    <UnitTestResult startTime="2008-01-01T00:00:01.0000000+0:00" endTime="2008-01-01T00:00:02.0000000+0:00" testType="13cdc9d9-ddb5-4fa4-a97d-d965ccfc6d4b" testListId="8c84fa94-04c1-424b-9868-57a2d4851a1d" testName="tests.16_scoped_and_meta_fixtures_test.test_scoped_fixtures[32]" computerName="" duration="00:00:00.00100" testId="00000000-0000-00ae-A281-000000DD0059" executionId="00000000-0000-00ae-A281-000000EE0059" outcome="Passed">
      <Output />
    </UnitTestResult>
    <UnitTestResult startTime="2008-01-01T00:00:01.0000000+0:00" endTime="2008-01-01T00:00:02.0000000+0:00" testType="13cdc9d9-ddb5-4fa4-a97d-d965ccfc6d4b" testListId="8c84fa94-04c1-424b-9868-57a2d4851a1d" testName="tests.16_scoped_and_meta_fixtures_test.test_scoped_fixtures[33]" computerName="" duration="00:00:00.00100" testId="00000000-0000-00ae-A281-000000DD005A" executionId="00000000-0000-00ae-A281-000000EE005A" outcome="Passed">
      <Output />
    </UnitTestResult>
    <UnitTestResult startTime="2008-01-01T00:00:01.0000000+0:00" endTime="2008-01-01T00:00:02.0000000+0:00" testType="13cdc9d9-ddb5-4fa4-a97d-d965ccfc6d4b" testListId="8c84fa94-04c1-424b-9868-57a2d4851a1d" testName="tests.16_scoped_and_meta_fixtures_test.test_scoped_fixtures[34]" computerName="" duration="00:00:00.00100" testId="00000000-0000-00ae-A281-000000DD005B" executionId="00000000-0000-00ae-A281-000000EE005B" outcome="Passed">
      <Output />
    </UnitTestResult>
    <UnitTestResult startTime="2008-01-01T00:00:01.0000000+0:00" endTime="2008-01-01T00:00:02.0000000+0:00" testType="13cdc9d9-ddb5-4fa4-a97d-d965ccfc6d4b" testListId="8c84fa94-04c1-424b-9868-57a2d4851a1d" testName="tests.16_scoped_and_meta_fixtures_test.test_scoped_fixtures[35]" computerName="" duration="00:00:00.00100" testId="00000000-0000-00ae-A281-000000DD005C" executionId="00000000-0000-00ae-A281-000000EE005C" outcome="Passed">
      <Output />
    </UnitTestResult>
    <UnitTestResult startTime="2008-01-01T00:00:01.0000000+0:00" endTime="2008-01-01T00:00:02.0000000+0:00" testType="13cdc9d9-ddb5-4fa4-a97d-d965ccfc6d4b" testListId="8c84fa94-04c1-424b-9868-57a2d4851a1d" testName="tests.16_scoped_and_meta_fixtures_test.test_scoped_fixtures[36]" computerName="" duration="00:00:00.00100" testId="00000000-0000-00ae-A281-000000DD005D" executionId="00000000-0000-00ae-A281-000000EE005D" outcome="Passed">
      <Output />
    </UnitTestResult>
    <UnitTestResult startTime="2008-01-01T00:00:01.0000000+0:00" endTime="2008-01-01T00:00:02.0000000+0:00" testType="13cdc9d9-ddb5-4fa4-a97d-d965ccfc6d4b" testListId="8c84fa94-04c1-424b-9868-57a2d4851a1d" testName="tests.16_scoped_and_meta_fixtures_test.test_scoped_fixtures[37]" computerName="" duration="00:00:00.00400" testId="00000000-0000-00ae-A281-000000DD005E" executionId="00000000-0000-00ae-A281-000000EE005E" outcome="Passed">
      <Output />
    </UnitTestResult>
    <UnitTestResult startTime="2008-01-01T00:00:01.0000000+0:00" endTime="2008-01-01T00:00:02.0000000+0:00" testType="13cdc9d9-ddb5-4fa4-a97d-d965ccfc6d4b" testListId="8c84fa94-04c1-424b-9868-57a2d4851a1d" testName="tests.16_scoped_and_meta_fixtures_test.test_scoped_fixtures[38]" computerName="" duration="00:00:00.00100" testId="00000000-0000-00ae-A281-000000DD005F" executionId="00000000-0000-00ae-A281-000000EE005F" outcome="Passed">
      <Output />
    </UnitTestResult>
    <UnitTestResult startTime="2008-01-01T00:00:01.0000000+0:00" endTime="2008-01-01T00:00:02.0000000+0:00" testType="13cdc9d9-ddb5-4fa4-a97d-d965ccfc6d4b" testListId="8c84fa94-04c1-424b-9868-57a2d4851a1d" testName="tests.16_scoped_and_meta_fixtures_test.test_scoped_fixtures[39]" computerName="" duration="00:00:00.00100" testId="00000000-0000-00ae-A281-000000DD0060" executionId="00000000-0000-00ae-A281-000000EE0060" outcome="Passed">
      <Output />
    </UnitTestResult>
    <UnitTestResult startTime="2008-01-01T00:00:01.0000000+0:00" endTime="2008-01-01T00:00:02.0000000+0:00" testType="13cdc9d9-ddb5-4fa4-a97d-d965ccfc6d4b" testListId="8c84fa94-04c1-424b-9868-57a2d4851a1d" testName="tests.16_scoped_and_meta_fixtures_test.test_scoped_fixtures[40]" computerName="" duration="00:00:00.00200" testId="00000000-0000-00ae-A281-000000DD0061" executionId="00000000-0000-00ae-A281-000000EE0061" outcome="Passed">
      <Output />
    </UnitTestResult>
    <UnitTestResult startTime="2008-01-01T00:00:01.0000000+0:00" endTime="2008-01-01T00:00:02.0000000+0:00" testType="13cdc9d9-ddb5-4fa4-a97d-d965ccfc6d4b" testListId="8c84fa94-04c1-424b-9868-57a2d4851a1d" testName="tests.16_scoped_and_meta_fixtures_test.test_scoped_fixtures[41]" computerName="" duration="00:00:00.00100" testId="00000000-0000-00ae-A281-000000DD0062" executionId="00000000-0000-00ae-A281-000000EE0062" outcome="Passed">
      <Output />
    </UnitTestResult>
    <UnitTestResult startTime="2008-01-01T00:00:01.0000000+0:00" endTime="2008-01-01T00:00:02.0000000+0:00" testType="13cdc9d9-ddb5-4fa4-a97d-d965ccfc6d4b" testListId="8c84fa94-04c1-424b-9868-57a2d4851a1d" testName="tests.16_scoped_and_meta_fixtures_test.test_scoped_fixtures[42]" computerName="" duration="00:00:00.00100" testId="00000000-0000-00ae-A281-000000DD0063" executionId="00000000-0000-00ae-A281-000000EE0063" outcome="Passed">
      <Output />
    </UnitTestResult>
    <UnitTestResult startTime="2008-01-01T00:00:01.0000000+0:00" endTime="2008-01-01T00:00:02.0000000+0:00" testType="13cdc9d9-ddb5-4fa4-a97d-d965ccfc6d4b" testListId="8c84fa94-04c1-424b-9868-57a2d4851a1d" testName="tests.16_scoped_and_meta_fixtures_test.test_scoped_fixtures[43]" computerName="" duration="00:00:00.00200" testId="00000000-0000-00ae-A281-000000DD0064" executionId="00000000-0000-00ae-A281-000000EE0064" outcome="Passed">
      <Output />
    </UnitTestResult>
    <UnitTestResult startTime="2008-01-01T00:00:01.0000000+0:00" endTime="2008-01-01T00:00:02.0000000+0:00" testType="13cdc9d9-ddb5-4fa4-a97d-d965ccfc6d4b" testListId="8c84fa94-04c1-424b-9868-57a2d4851a1d" testName="tests.16_scoped_and_meta_fixtures_test.test_scoped_fixtures[44]" computerName="" duration="00:00:00.00100" testId="00000000-0000-00ae-A281-000000DD0065" executionId="00000000-0000-00ae-A281-000000EE0065" outcome="Passed">
      <Output />
    </UnitTestResult>
    <UnitTestResult startTime="2008-01-01T00:00:01.0000000+0:00" endTime="2008-01-01T00:00:02.0000000+0:00" testType="13cdc9d9-ddb5-4fa4-a97d-d965ccfc6d4b" testListId="8c84fa94-04c1-424b-9868-57a2d4851a1d" testName="tests.16_scoped_and_meta_fixtures_test.test_scoped_fixtures[45]" computerName="" duration="00:00:00.00100" testId="00000000-0000-00ae-A281-000000DD0066" executionId="00000000-0000-00ae-A281-000000EE0066" outcome="Passed">
      <Output />
    </UnitTestResult>
    <UnitTestResult startTime="2008-01-01T00:00:01.0000000+0:00" endTime="2008-01-01T00:00:02.0000000+0:00" testType="13cdc9d9-ddb5-4fa4-a97d-d965ccfc6d4b" testListId="8c84fa94-04c1-424b-9868-57a2d4851a1d" testName="tests.16_scoped_and_meta_fixtures_test.test_scoped_fixtures[46]" computerName="" duration="00:00:00.00100" testId="00000000-0000-00ae-A281-000000DD0067" executionId="00000000-0000-00ae-A281-000000EE0067" outcome="Passed">
      <Output />
    </UnitTestResult>
    <UnitTestResult startTime="2008-01-01T00:00:01.0000000+0:00" endTime="2008-01-01T00:00:02.0000000+0:00" testType="13cdc9d9-ddb5-4fa4-a97d-d965ccfc6d4b" testListId="8c84fa94-04c1-424b-9868-57a2d4851a1d" testName="tests.16_scoped_and_meta_fixtures_test.test_scoped_fixtures[47]" computerName="" duration="00:00:00.00100" testId="00000000-0000-00ae-A281-000000DD0068" executionId="00000000-0000-00ae-A281-000000EE0068" outcome="Passed">
      <Output />
    </UnitTestResult>
    <UnitTestResult startTime="2008-01-01T00:00:01.0000000+0:00" endTime="2008-01-01T00:00:02.0000000+0:00" testType="13cdc9d9-ddb5-4fa4-a97d-d965ccfc6d4b" testListId="8c84fa94-04c1-424b-9868-57a2d4851a1d" testName="tests.16_scoped_and_meta_fixtures_test.test_scoped_fixtures[48]" computerName="" duration="00:00:00.00100" testId="00000000-0000-00ae-A281-000000DD0069" executionId="00000000-0000-00ae-A281-000000EE0069" outcome="Passed">
      <Output />
    </UnitTestResult>
    <UnitTestResult startTime="2008-01-01T00:00:01.0000000+0:00" endTime="2008-01-01T00:00:02.0000000+0:00" testType="13cdc9d9-ddb5-4fa4-a97d-d965ccfc6d4b" testListId="8c84fa94-04c1-424b-9868-57a2d4851a1d" testName="tests.16_scoped_and_meta_fixtures_test.test_scoped_fixtures[49]" computerName="" duration="00:00:00.00100" testId="00000000-0000-00ae-A281-000000DD006A" executionId="00000000-0000-00ae-A281-000000EE006A" outcome="Passed">
      <Output />
    </UnitTestResult>
    <UnitTestResult startTime="2008-01-01T00:00:01.0000000+0:00" endTime="2008-01-01T00:00:02.0000000+0:00" testType="13cdc9d9-ddb5-4fa4-a97d-d965ccfc6d4b" testListId="8c84fa94-04c1-424b-9868-57a2d4851a1d" testName="tests.16_scoped_and_meta_fixtures_test.test_scoped_fixtures[50]" computerName="" duration="00:00:00.00300" testId="00000000-0000-00ae-A281-000000DD006B" executionId="00000000-0000-00ae-A281-000000EE006B" outcome="Passed">
      <Output />
    </UnitTestResult>
    <UnitTestResult startTime="2008-01-01T00:00:01.0000000+0:00" endTime="2008-01-01T00:00:02.0000000+0:00" testType="13cdc9d9-ddb5-4fa4-a97d-d965ccfc6d4b" testListId="8c84fa94-04c1-424b-9868-57a2d4851a1d" testName="tests.19_re_usable_mock_test.test_re_usable_mocker" computerName="" duration="00:00:00.00400" testId="00000000-0000-00ae-A281-000000DD006C" executionId="00000000-0000-00ae-A281-000000EE006C" outcome="Passed">
      <Output />
    </UnitTestResult>
    <UnitTestResult startTime="2008-01-01T00:00:01.0000000+0:00" endTime="2008-01-01T00:00:02.0000000+0:00" testType="13cdc9d9-ddb5-4fa4-a97d-d965ccfc6d4b" testListId="8c84fa94-04c1-424b-9868-57a2d4851a1d" testName="tests.19_re_usable_mock_test.test_mocker_with_exception" computerName="" duration="00:00:00.00400" testId="00000000-0000-00ae-A281-000000DD006D" executionId="00000000-0000-00ae-A281-000000EE006D" outcome="Passed">
      <Output />
    </UnitTestResult>
  </Results>
</TestRun>